TN:
SF:src/root.ts
FN:1,(empty-report)
FNF:1
FNH:0
FNDA:0,(empty-report)
DA:1,0
DA:2,0
DA:3,0
DA:4,0
DA:5,0
DA:6,0
DA:7,0
DA:8,0
DA:9,0
DA:10,0
DA:11,0
DA:12,0
DA:13,0
DA:14,0
DA:15,0
DA:16,0
DA:17,0
DA:18,0
DA:19,0
DA:20,0
DA:21,0
DA:22,0
DA:23,0
DA:24,0
DA:25,0
DA:26,0
DA:27,0
DA:28,0
DA:29,0
DA:31,0
DA:33,0
DA:34,0
DA:35,0
DA:36,0
DA:37,0
DA:38,0
DA:40,0
DA:41,0
DA:43,0
DA:44,0
DA:46,0
DA:47,0
DA:48,0
DA:49,0
DA:50,0
DA:51,0
DA:52,0
DA:53,0
DA:54,0
DA:55,0
DA:56,0
DA:57,0
DA:58,0
DA:59,0
DA:60,0
DA:61,0
DA:62,0
DA:63,0
DA:64,0
DA:65,0
DA:66,0
DA:67,0
DA:68,0
DA:69,0
DA:70,0
DA:71,0
DA:72,0
DA:74,0
DA:75,0
DA:76,0
DA:77,0
DA:78,0
DA:79,0
DA:80,0
DA:81,0
DA:82,0
DA:83,0
DA:84,0
DA:85,0
DA:86,0
DA:87,0
DA:89,0
DA:90,0
DA:91,0
DA:92,0
DA:93,0
DA:94,0
DA:96,0
DA:97,0
DA:98,0
DA:99,0
DA:100,0
DA:101,0
DA:102,0
DA:103,0
DA:104,0
DA:105,0
DA:106,0
DA:107,0
DA:108,0
DA:109,0
DA:110,0
DA:111,0
DA:113,0
DA:114,0
DA:115,0
DA:116,0
DA:117,0
DA:118,0
DA:119,0
DA:120,0
DA:121,0
DA:122,0
DA:123,0
DA:124,0
DA:125,0
DA:127,0
DA:128,0
DA:129,0
DA:130,0
DA:131,0
DA:132,0
DA:133,0
DA:134,0
DA:135,0
DA:136,0
DA:137,0
DA:138,0
DA:139,0
DA:140,0
DA:141,0
DA:142,0
DA:143,0
DA:144,0
DA:145,0
DA:146,0
DA:148,0
DA:149,0
DA:150,0
DA:152,0
DA:154,0
DA:155,0
DA:156,0
DA:157,0
DA:158,0
DA:159,0
DA:160,0
DA:161,0
DA:162,0
DA:163,0
DA:164,0
DA:165,0
DA:166,0
LF:153
LH:0
BRDA:1,0,0,0
BRF:1
BRH:0
end_of_record
TN:
SF:src/types.ts
FN:1,(empty-report)
FNF:1
FNH:1
FNDA:1,(empty-report)
LF:0
LH:0
BRDA:1,0,0,1
BRF:1
BRH:1
end_of_record
TN:
SF:src/bg-services/action-queue-service.ts
FN:5,<instance_members_initializer>
FN:9,ActionQueueService
FN:11,enqueue
FN:18,run
FN:28,isRunning
FNF:5
FNH:5
FNDA:9,<instance_members_initializer>
FNDA:9,ActionQueueService
FNDA:5,enqueue
FNDA:3,run
FNDA:5,isRunning
DA:5,1
DA:6,9
DA:7,9
DA:9,9
DA:11,9
DA:12,5
DA:13,5
DA:14,3
DA:15,3
DA:16,5
DA:18,9
DA:19,3
DA:20,3
DA:21,5
DA:22,5
DA:23,5
DA:24,5
DA:25,5
DA:26,1
DA:27,1
DA:28,5
DA:29,5
DA:30,3
DA:31,3
DA:32,9
LF:25
LH:25
BRDA:5,0,0,9
BRDA:9,1,0,9
BRDA:11,2,0,5
BRDA:13,3,0,3
BRDA:18,4,0,3
BRDA:20,5,0,5
BRDA:22,6,0,0
BRDA:24,7,0,4
BRDA:25,8,0,1
BRDA:28,9,0,5
BRF:10
BRH:9
end_of_record
TN:
SF:src/bg-services/mgmt-bot-service.ts
FN:1,(empty-report)
FNF:1
FNH:0
FNDA:0,(empty-report)
DA:1,0
DA:2,0
DA:7,0
DA:8,0
DA:9,0
DA:10,0
DA:11,0
DA:12,0
DA:13,0
DA:14,0
DA:15,0
DA:17,0
DA:18,0
DA:20,0
DA:21,0
DA:22,0
DA:23,0
DA:24,0
DA:25,0
DA:27,0
DA:28,0
DA:29,0
DA:30,0
DA:31,0
DA:32,0
DA:33,0
DA:35,0
DA:36,0
DA:37,0
DA:38,0
DA:40,0
DA:41,0
DA:43,0
DA:44,0
DA:45,0
DA:46,0
DA:47,0
DA:48,0
DA:49,0
DA:50,0
DA:51,0
DA:52,0
DA:53,0
DA:54,0
DA:55,0
DA:56,0
DA:57,0
DA:58,0
DA:60,0
DA:61,0
DA:62,0
DA:63,0
LF:52
LH:0
BRDA:1,0,0,0
BRF:1
BRH:0
end_of_record
TN:
SF:src/controllers/bot-controller.ts
FN:7,<instance_members_initializer>
FN:8,BotController
FN:15,handleStart
FN:26,handleText
FN:39,handleToggleOnOff
FN:50,guard
FNF:6
FNH:5
FNDA:4,<instance_members_initializer>
FNDA:4,BotController
FNDA:2,handleStart
FNDA:2,handleText
FNDA:0,handleToggleOnOff
FNDA:3,guard
DA:1,1
DA:7,1
DA:8,4
DA:9,4
DA:10,4
DA:11,4
DA:12,4
DA:13,4
DA:15,4
DA:16,2
DA:17,2
DA:18,2
DA:19,2
DA:20,2
DA:21,1
DA:22,1
DA:23,2
DA:24,2
DA:26,4
DA:27,2
DA:29,1
DA:30,1
DA:31,1
DA:32,1
DA:33,1
DA:34,0
DA:35,0
DA:36,1
DA:37,2
DA:39,4
DA:40,0
DA:41,0
DA:42,0
DA:43,0
DA:44,0
DA:45,0
DA:46,0
DA:47,0
DA:48,0
DA:50,4
DA:51,3
DA:52,3
DA:53,3
DA:54,1
DA:55,1
DA:56,1
DA:57,3
DA:58,4
LF:48
LH:37
BRDA:7,0,0,4
BRDA:8,1,0,4
BRDA:15,2,0,2
BRDA:17,3,0,2
BRDA:18,4,0,1
BRDA:20,5,0,1
BRDA:26,6,0,2
BRDA:27,7,0,1
BRDA:30,8,0,1
BRDA:50,9,0,3
BRDA:52,10,0,2
BRDA:53,11,0,1
BRF:12
BRH:12
end_of_record
TN:
SF:src/controllers/chat-automation-controller.ts
FN:1,(empty-report)
FNF:1
FNH:1
FNDA:1,(empty-report)
DA:6,0
DA:8,0
DA:25,0
DA:26,0
DA:27,0
DA:28,0
DA:29,0
DA:30,0
DA:31,0
DA:32,0
DA:33,0
DA:34,0
DA:35,0
DA:36,0
DA:38,0
DA:39,0
DA:40,0
DA:41,0
DA:42,0
DA:43,0
DA:44,0
DA:49,0
DA:50,0
DA:51,0
DA:53,0
DA:54,0
DA:55,0
DA:57,0
DA:58,0
DA:60,0
DA:61,0
DA:62,0
DA:63,0
DA:64,0
DA:65,0
DA:66,0
DA:67,0
DA:68,0
DA:70,0
DA:71,0
DA:72,0
DA:73,0
DA:79,0
DA:80,0
DA:81,0
DA:82,0
DA:83,0
DA:84,0
DA:85,0
DA:86,0
DA:87,0
DA:88,0
DA:89,0
DA:90,0
DA:91,0
DA:92,0
DA:93,0
DA:94,0
DA:95,0
DA:96,0
DA:97,0
DA:98,0
DA:99,0
DA:100,0
DA:102,0
DA:103,0
DA:104,0
DA:105,0
DA:106,0
DA:107,0
DA:109,0
DA:110,0
DA:111,0
DA:112,0
DA:113,0
DA:114,0
DA:115,0
DA:116,0
DA:117,0
DA:119,0
DA:120,0
DA:121,0
DA:122,0
DA:123,0
DA:125,0
DA:126,0
DA:127,0
DA:128,0
DA:129,0
DA:130,0
DA:131,0
DA:132,0
DA:133,0
DA:135,0
DA:136,0
DA:137,0
DA:138,0
DA:139,0
DA:140,0
DA:141,0
DA:142,0
DA:144,0
DA:145,0
DA:146,0
DA:147,0
DA:148,0
DA:149,0
DA:150,0
DA:152,0
DA:153,0
DA:154,0
DA:155,0
DA:156,0
DA:157,0
DA:158,0
DA:159,0
DA:160,0
DA:161,0
DA:162,0
DA:163,0
DA:164,0
DA:165,0
DA:166,0
DA:167,0
DA:168,0
DA:169,0
DA:170,0
DA:171,0
DA:172,0
DA:173,0
LF:130
LH:0
BRDA:1,0,0,1
BRF:1
BRH:1
end_of_record
TN:
SF:src/middleware/error-middleware.ts
FN:1,withErrorBoundary
FNF:1
FNH:1
FNDA:2,withErrorBoundary
DA:1,1
DA:2,2
DA:3,2
DA:4,2
DA:5,1
DA:7,1
DA:8,1
DA:9,2
DA:10,2
LF:9
LH:9
BRDA:1,0,0,2
BRDA:2,1,0,2
BRDA:4,2,0,1
BRF:3
BRH:3
end_of_record
TN:
SF:src/middleware/handle-user-middleware.ts
FN:1,(empty-report)
FNF:1
FNH:1
FNDA:1,(empty-report)
DA:3,0
DA:5,0
DA:14,0
DA:15,0
DA:16,0
DA:17,0
DA:18,0
DA:20,0
DA:21,0
DA:22,0
DA:23,0
DA:24,0
DA:25,0
DA:26,0
DA:27,0
DA:28,0
DA:29,0
DA:30,0
DA:32,0
DA:33,0
DA:34,0
DA:35,0
DA:36,0
DA:37,0
DA:38,0
DA:39,0
DA:40,0
DA:41,0
DA:42,0
DA:43,0
DA:44,0
DA:45,0
LF:32
LH:0
BRDA:1,0,0,1
BRF:1
BRH:1
end_of_record
TN:
SF:src/middleware/session-moderation-toggle-middleware.ts
FN:3,<instance_members_initializer>
FN:4,SessionModerationToggleMiddleware
FN:6,isEnabled
FNF:3
FNH:3
FNDA:3,<instance_members_initializer>
FNDA:3,SessionModerationToggleMiddleware
FNDA:3,isEnabled
DA:3,1
DA:4,3
DA:6,3
DA:7,3
DA:8,3
DA:9,3
DA:10,3
LF:7
LH:7
BRDA:3,0,0,3
BRDA:4,1,0,3
BRDA:6,2,0,3
BRDA:8,3,0,2
BRF:4
BRH:4
end_of_record
TN:
SF:src/repositories/action-log-repository.ts
FN:4,<instance_members_initializer>
FN:5,ActionLogRepository
FN:8,hasPriorBlockInSession
FN:13,hasPriorBlockByOtherSession
FN:22,save
FN:38,saveDeferred
FNF:6
FNH:5
FNDA:1,<instance_members_initializer>
FNDA:1,ActionLogRepository
FNDA:1,hasPriorBlockInSession
FNDA:1,hasPriorBlockByOtherSession
FNDA:0,save
FNDA:1,saveDeferred
DA:4,1
DA:5,1
DA:8,1
DA:9,1
DA:10,1
DA:13,1
DA:14,1
DA:15,1
DA:16,1
DA:17,1
DA:18,1
DA:19,1
DA:20,1
DA:22,1
DA:27,0
DA:28,0
DA:29,0
DA:30,0
DA:31,0
DA:32,0
DA:33,0
DA:34,0
DA:35,0
DA:36,0
DA:38,1
DA:43,1
DA:44,1
DA:45,1
DA:46,1
DA:47,1
DA:48,1
DA:49,1
DA:50,1
DA:51,1
DA:52,1
DA:53,1
LF:36
LH:26
BRDA:4,0,0,1
BRDA:5,1,0,1
BRDA:8,2,0,1
BRDA:13,3,0,1
BRDA:38,4,0,1
BRF:5
BRH:5
end_of_record
TN:
SF:src/repositories/message-repository.ts
FN:4,<instance_members_initializer>
FN:5,MessageRepository
FN:7,save
FN:17,countBySender
FN:28,countInMessagingInstance
FNF:5
FNH:4
FNDA:1,<instance_members_initializer>
FNDA:1,MessageRepository
FNDA:1,save
FNDA:1,countBySender
FNDA:0,countInMessagingInstance
DA:4,1
DA:5,1
DA:7,1
DA:8,1
DA:9,1
DA:10,1
DA:11,1
DA:12,1
DA:13,1
DA:14,1
DA:15,1
DA:17,1
DA:18,1
DA:19,1
DA:20,1
DA:21,1
DA:22,1
DA:23,1
DA:24,1
DA:25,1
DA:28,1
DA:29,0
DA:30,0
DA:31,0
DA:32,0
DA:33,0
DA:34,0
DA:35,0
DA:36,0
DA:37,0
DA:38,0
DA:39,0
DA:40,0
DA:41,1
LF:34
LH:22
BRDA:4,0,0,1
BRDA:5,1,0,1
BRDA:7,2,0,1
BRDA:17,3,0,1
BRF:4
BRH:4
end_of_record
TN:
SF:src/repositories/session-repository.ts
FN:4,<instance_members_initializer>
FN:5,SessionRepository
FN:7,listActive
FN:11,findByUserId
FN:15,upsertActive
FN:19,ensureUser
FN:23,setActive
FNF:7
FNH:4
FNDA:1,<instance_members_initializer>
FNDA:1,SessionRepository
FNDA:0,listActive
FNDA:1,findByUserId
FNDA:1,upsertActive
FNDA:0,ensureUser
FNDA:0,setActive
DA:4,1
DA:5,1
DA:7,1
DA:8,0
DA:9,0
DA:11,1
DA:12,1
DA:13,1
DA:15,1
DA:16,1
DA:17,1
DA:19,1
DA:20,0
DA:21,0
DA:23,1
DA:24,0
DA:25,0
DA:26,1
LF:18
LH:12
BRDA:4,0,0,1
BRDA:5,1,0,1
BRDA:11,2,0,1
BRDA:15,3,0,1
BRF:4
BRH:4
end_of_record
TN:
SF:src/routes/bot.ts
FN:1,(empty-report)
FNF:1
FNH:1
FNDA:1,(empty-report)
DA:7,0
DA:9,0
DA:19,0
DA:20,0
DA:21,0
DA:22,0
DA:23,0
DA:29,0
DA:30,0
DA:31,0
DA:32,0
DA:33,0
DA:34,0
DA:35,0
DA:36,0
DA:38,0
DA:39,0
DA:40,0
DA:41,0
DA:42,0
DA:44,0
DA:45,0
DA:46,0
DA:47,0
DA:48,0
DA:49,0
DA:51,0
DA:52,0
DA:53,0
DA:54,0
DA:55,0
DA:56,0
DA:57,0
DA:58,0
DA:59,0
DA:60,0
DA:61,0
DA:62,0
DA:63,0
DA:64,0
DA:66,0
DA:67,0
DA:68,0
DA:69,0
DA:70,0
DA:71,0
DA:72,0
DA:73,0
DA:74,0
DA:75,0
DA:76,0
DA:77,0
DA:78,0
DA:79,0
DA:81,0
DA:82,0
DA:83,0
DA:84,0
DA:85,0
DA:86,0
DA:87,0
DA:88,0
DA:89,0
DA:90,0
DA:91,0
DA:92,0
DA:93,0
DA:94,0
DA:95,0
DA:96,0
DA:97,0
DA:98,0
DA:99,0
DA:100,0
DA:101,0
DA:102,0
DA:103,0
DA:105,0
DA:106,0
DA:107,0
DA:108,0
LF:81
LH:0
BRDA:1,0,0,1
BRF:1
BRH:1
end_of_record
TN:
SF:src/services/client-notification-service.ts
FN:1,(empty-report)
FNF:1
FNH:0
FNDA:0,(empty-report)
DA:1,0
DA:2,0
DA:3,0
DA:5,0
DA:6,0
DA:8,0
DA:17,0
DA:18,0
DA:20,0
DA:22,0
DA:23,0
DA:24,0
DA:26,0
DA:27,0
DA:28,0
DA:29,0
DA:30,0
DA:31,0
DA:32,0
DA:33,0
DA:34,0
DA:35,0
DA:36,0
DA:37,0
DA:38,0
DA:40,0
DA:41,0
DA:42,0
DA:43,0
DA:44,0
DA:46,0
DA:47,0
DA:48,0
DA:49,0
DA:50,0
DA:51,0
DA:52,0
DA:53,0
DA:54,0
DA:55,0
DA:56,0
DA:58,0
DA:59,0
DA:60,0
DA:61,0
DA:62,0
DA:63,0
DA:64,0
DA:65,0
DA:66,0
DA:67,0
DA:68,0
DA:69,0
DA:70,0
DA:72,0
DA:73,0
DA:74,0
DA:75,0
DA:76,0
DA:78,0
DA:79,0
DA:80,0
DA:81,0
DA:82,0
DA:83,0
DA:84,0
DA:85,0
DA:86,0
DA:87,0
DA:88,0
DA:89,0
DA:90,0
DA:91,0
DA:93,0
DA:94,0
DA:95,0
DA:96,0
DA:97,0
DA:98,0
DA:99,0
DA:100,0
DA:101,0
DA:102,0
DA:103,0
DA:104,0
DA:105,0
DA:106,0
DA:107,0
DA:108,0
DA:109,0
DA:110,0
DA:112,0
DA:113,0
DA:114,0
DA:115,0
DA:116,0
DA:118,0
DA:119,0
DA:120,0
DA:121,0
DA:122,0
DA:123,0
DA:124,0
DA:125,0
DA:126,0
DA:127,0
DA:128,0
DA:129,0
DA:130,0
DA:131,0
DA:132,0
DA:133,0
DA:134,0
DA:135,0
DA:136,0
DA:139,0
DA:140,0
DA:141,0
DA:142,0
DA:143,0
DA:144,0
DA:145,0
DA:146,0
DA:147,0
DA:148,0
DA:149,0
DA:150,0
DA:151,0
DA:152,0
DA:153,0
DA:154,0
DA:156,0
DA:157,0
DA:158,0
DA:159,0
DA:160,0
DA:161,0
DA:162,0
DA:164,0
DA:165,0
DA:166,0
DA:167,0
DA:168,0
DA:169,0
DA:170,0
DA:171,0
DA:172,0
DA:173,0
DA:174,0
DA:175,0
DA:176,0
DA:177,0
DA:178,0
DA:179,0
DA:180,0
DA:181,0
DA:182,0
DA:183,0
DA:184,0
DA:185,0
DA:186,0
DA:187,0
DA:188,0
DA:190,0
DA:191,0
DA:192,0
DA:193,0
DA:194,0
DA:196,0
DA:197,0
DA:198,0
DA:199,0
DA:200,0
DA:201,0
DA:202,0
DA:203,0
DA:204,0
DA:205,0
DA:206,0
DA:207,0
DA:208,0
DA:209,0
DA:210,0
DA:212,0
DA:214,0
DA:215,0
DA:216,0
DA:217,0
DA:218,0
DA:219,0
DA:221,0
DA:222,0
DA:223,0
DA:224,0
DA:225,0
DA:226,0
DA:227,0
DA:229,0
DA:230,0
DA:231,0
DA:232,0
DA:234,0
DA:235,0
DA:236,0
DA:237,0
DA:238,0
DA:239,0
DA:240,0
DA:241,0
DA:242,0
DA:243,0
DA:244,0
DA:245,0
DA:246,0
DA:247,0
DA:248,0
DA:249,0
DA:250,0
DA:251,0
DA:252,0
DA:253,0
DA:254,0
DA:255,0
DA:256,0
DA:257,0
DA:258,0
DA:259,0
DA:260,0
DA:261,0
DA:262,0
DA:263,0
DA:264,0
DA:265,0
DA:266,0
DA:267,0
DA:268,0
DA:269,0
DA:270,0
DA:271,0
DA:272,0
DA:273,0
DA:274,0
DA:275,0
DA:276,0
DA:278,0
DA:279,0
DA:280,0
DA:281,0
DA:282,0
DA:283,0
DA:284,0
DA:285,0
DA:286,0
DA:287,0
DA:288,0
DA:289,0
DA:290,0
DA:291,0
LF:258
LH:0
BRDA:1,0,0,0
BRF:1
BRH:0
end_of_record
TN:
SF:src/services/experiment-service.ts
FN:11,__vite_ssr_import_3__.z.string.min.refine.message
FN:19,__vite_ssr_import_3__.z.string.min.refine.message
FN:71,<instance_members_initializer>
FN:74,ExperimentService
FN:95,assign
FN:106,assignModerationTier
FN:113,pickWeightedForBucket
FN:138,resolveUnderMessagesBundle
FN:148,loadExperiment
FN:227,hashToBucket
FNF:10
FNH:8
FNDA:117,__vite_ssr_import_3__.z.string.min.refine.message
FNDA:0,__vite_ssr_import_3__.z.string.min.refine.message
FNDA:9,<instance_members_initializer>
FNDA:9,ExperimentService
FNDA:1,assign
FNDA:6,assignModerationTier
FNDA:6,pickWeightedForBucket
FNDA:0,resolveUnderMessagesBundle
FNDA:27,loadExperiment
FNDA:6,hashToBucket
DA:1,1
DA:2,1
DA:3,1
DA:4,1
DA:8,1
DA:9,1
DA:10,1
DA:11,1
DA:12,1
DA:13,1
DA:16,1
DA:17,1
DA:18,1
DA:19,1
DA:21,1
DA:22,1
DA:23,1
DA:24,1
DA:25,1
DA:26,1
DA:27,1
DA:28,1
DA:29,1
DA:30,1
DA:31,1
DA:32,1
DA:33,1
DA:34,1
DA:37,1
DA:38,1
DA:41,1
DA:71,1
DA:72,9
DA:74,9
DA:75,9
DA:76,27
DA:77,27
DA:78,0
DA:79,0
DA:80,27
DA:81,27
DA:82,27
DA:83,27
DA:84,27
DA:85,45
DA:86,45
DA:87,45
DA:88,45
DA:89,45
DA:90,27
DA:91,27
DA:92,27
DA:93,9
DA:95,9
DA:96,1
DA:97,1
DA:98,0
DA:99,0
DA:100,1
DA:106,9
DA:107,6
DA:108,6
DA:109,6
DA:110,6
DA:111,6
DA:113,9
DA:114,6
DA:115,6
DA:116,6
DA:117,6
DA:118,6
DA:119,6
DA:120,6
DA:121,6
DA:122,6
DA:123,6
DA:124,6
DA:125,6
DA:126,6
DA:127,6
DA:128,0
DA:129,0
DA:130,0
DA:131,0
DA:132,0
DA:133,0
DA:134,0
DA:135,0
DA:136,6
DA:138,9
DA:139,0
DA:140,0
DA:141,0
DA:142,0
DA:143,0
DA:144,0
DA:145,0
DA:146,0
DA:148,9
DA:149,27
DA:150,27
DA:151,0
DA:152,0
DA:153,27
DA:154,27
DA:156,27
DA:157,27
DA:158,0
DA:159,0
DA:161,27
DA:162,27
DA:163,0
DA:164,0
DA:165,0
DA:166,0
DA:168,27
DA:169,45
DA:170,45
DA:171,0
DA:172,0
DA:173,0
DA:174,0
DA:175,45
DA:176,45
DA:177,0
DA:178,0
DA:179,0
DA:180,0
DA:182,45
DA:183,45
DA:184,0
DA:185,0
DA:186,0
DA:187,0
DA:188,0
DA:189,0
DA:190,0
DA:191,0
DA:192,0
DA:193,0
DA:194,0
DA:195,0
DA:196,0
DA:198,45
DA:199,45
DA:200,18
DA:201,18
DA:202,0
DA:203,0
DA:204,0
DA:205,0
DA:206,18
DA:207,0
DA:208,0
DA:209,0
DA:210,0
DA:212,18
DA:213,0
DA:214,0
DA:215,0
DA:216,0
DA:217,0
DA:218,18
DA:220,45
DA:221,27
DA:223,27
DA:224,27
DA:225,27
DA:227,9
DA:228,6
DA:229,6
DA:230,6
DA:231,9
LF:173
LH:111
BRDA:11,0,0,117
BRDA:71,1,0,9
BRDA:74,2,0,9
BRDA:75,3,0,27
BRDA:77,4,0,0
BRDA:84,5,0,45
BRDA:95,6,0,1
BRDA:97,7,0,0
BRDA:106,8,0,6
BRDA:108,9,0,0
BRDA:113,10,0,6
BRDA:127,11,0,0
BRDA:148,12,0,27
BRDA:150,13,0,0
BRDA:157,14,0,0
BRDA:162,15,0,0
BRDA:162,16,0,0
BRDA:156,17,0,81
BRDA:161,18,0,45
BRDA:161,19,0,0
BRDA:168,20,0,45
BRDA:170,21,0,0
BRDA:176,22,0,0
BRDA:183,23,0,0
BRDA:199,24,0,18
BRDA:201,25,0,0
BRDA:206,26,0,0
BRDA:212,27,0,0
BRDA:223,28,0,45
BRDA:227,29,0,6
BRF:30
BRH:15
end_of_record
TN:
SF:src/services/html-to-plain-text.ts
FN:36,isAsciiLetterOrDigit
FN:42,isWhitespace
FN:46,parseTagAt
FN:69,replaceAnchorTags
FN:101,extractHref
FN:120,replaceBrTags
FN:145,applyStructuralTags
FN:173,stripTags
FN:193,collapseWhitespace
FN:222,htmlToPlainText
FNF:10
FNH:10
FNDA:30,isAsciiLetterOrDigit
FNDA:1,isWhitespace
FNDA:11,parseTagAt
FNDA:5,replaceAnchorTags
FNDA:1,extractHref
FNDA:5,replaceBrTags
FNDA:5,applyStructuralTags
FNDA:5,stripTags
FNDA:5,collapseWhitespace
FNDA:5,htmlToPlainText
DA:2,1
DA:4,1
DA:5,1
DA:6,1
DA:7,1
DA:8,1
DA:9,1
DA:10,1
DA:11,1
DA:12,1
DA:13,1
DA:14,1
DA:15,1
DA:16,1
DA:17,1
DA:18,1
DA:19,1
DA:20,1
DA:21,1
DA:22,1
DA:23,1
DA:24,1
DA:25,1
DA:26,1
DA:27,1
DA:28,1
DA:29,1
DA:30,1
DA:31,1
DA:32,1
DA:36,30
DA:37,30
DA:38,30
DA:39,30
DA:40,30
DA:42,1
DA:43,1
DA:44,1
DA:46,11
DA:47,11
DA:49,11
DA:50,11
DA:52,11
DA:53,11
DA:54,5
DA:55,5
DA:56,5
DA:58,11
DA:59,11
DA:60,11
DA:62,11
DA:63,11
DA:64,11
DA:66,11
DA:67,11
DA:69,5
DA:70,5
DA:71,5
DA:72,5
DA:74,5
DA:75,20084
DA:76,20084
DA:77,2
DA:78,20084
DA:79,2
DA:80,2
DA:81,2
DA:82,1
DA:83,1
DA:84,1
DA:85,1
DA:87,1
DA:88,1
DA:89,2
DA:90,2
DA:91,2
DA:92,2
DA:94,20082
DA:95,20082
DA:96,20082
DA:98,5
DA:99,5
DA:101,1
DA:102,1
DA:103,1
DA:104,1
DA:106,1
DA:107,1
DA:109,1
DA:110,1
DA:112,1
DA:113,1
DA:114,1
DA:115,1
DA:117,1
DA:118,1
DA:120,5
DA:121,5
DA:122,5
DA:123,5
DA:125,5
DA:126,20105
DA:127,0
DA:128,0
DA:129,0
DA:130,0
DA:131,0
DA:132,0
DA:133,0
DA:134,0
DA:135,0
DA:136,0
DA:138,20105
DA:139,20105
DA:140,20105
DA:142,5
DA:143,5
DA:145,5
DA:146,5
DA:147,5
DA:149,5
DA:150,10064
DA:151,11
DA:152,11
DA:153,11
DA:154,4
DA:155,11
DA:156,2
DA:157,7
DA:158,2
DA:159,2
DA:160,11
DA:161,11
DA:162,11
DA:163,11
DA:164,11
DA:166,10053
DA:167,10053
DA:168,10053
DA:170,5
DA:171,5
DA:173,5
DA:174,5
DA:175,5
DA:176,5
DA:178,5
DA:179,20115
DA:180,20115
DA:181,11
DA:182,20115
DA:183,11
DA:184,20104
DA:185,10063
DA:186,10063
DA:187,20115
DA:188,20115
DA:190,5
DA:191,5
DA:193,5
DA:194,5
DA:195,5
DA:197,5
DA:198,10050
DA:199,0
DA:200,0
DA:201,0
DA:203,10050
DA:204,6
DA:205,6
DA:206,6
DA:207,4
DA:208,4
DA:209,4
DA:210,6
DA:211,6
DA:212,6
DA:213,6
DA:215,10044
DA:216,10044
DA:217,10044
DA:219,5
DA:220,5
DA:222,1
DA:223,5
DA:225,5
DA:226,5
DA:227,5
DA:228,5
DA:229,5
DA:230,5
DA:231,5
DA:232,5
DA:233,5
DA:234,5
DA:235,5
DA:236,5
DA:237,5
DA:239,5
DA:240,5
LF:199
LH:186
BRDA:36,0,0,30
BRDA:38,1,0,0
BRDA:39,2,0,27
BRDA:39,3,0,17
BRDA:39,4,0,17
BRDA:42,5,0,1
BRDA:46,6,0,11
BRDA:47,7,0,0
BRDA:50,8,0,0
BRDA:53,9,0,5
BRDA:59,10,0,28
BRDA:59,11,0,17
BRDA:60,12,0,0
BRDA:63,13,0,10019
BRDA:63,14,0,10008
BRDA:64,15,0,0
BRDA:69,16,0,5
BRDA:74,17,0,20084
BRDA:76,18,0,2
BRDA:78,19,0,2
BRDA:81,20,0,1
BRDA:81,21,0,1
BRDA:89,22,0,0
BRDA:92,23,0,20082
BRDA:101,24,0,1
BRDA:104,25,0,0
BRDA:107,26,0,0
BRDA:110,27,0,0
BRDA:110,28,0,0
BRDA:114,29,0,15
BRDA:114,30,0,14
BRDA:115,31,0,0
BRDA:120,32,0,5
BRDA:125,33,0,20105
BRDA:126,34,0,0
BRDA:145,35,0,5
BRDA:149,36,0,10064
BRDA:150,37,0,11
BRDA:153,38,0,5
BRDA:153,39,0,4
BRDA:155,40,0,7
BRDA:155,41,0,6
BRDA:155,42,0,2
BRDA:157,43,0,5
BRDA:157,44,0,4
BRDA:157,45,0,2
BRDA:164,46,0,10053
BRDA:173,47,0,5
BRDA:178,48,0,20115
BRDA:180,49,0,11
BRDA:182,50,0,20104
BRDA:182,51,0,11
BRDA:184,52,0,20093
BRDA:184,53,0,10063
BRDA:193,54,0,5
BRDA:197,55,0,10050
BRDA:198,56,0,10045
BRDA:198,57,0,5
BRDA:198,58,0,5
BRDA:198,59,0,0
BRDA:203,60,0,6
BRDA:206,61,0,8
BRDA:206,62,0,4
BRDA:210,63,0,1
BRDA:210,64,0,5
BRDA:213,65,0,10044
BRDA:222,66,0,5
BRDA:223,67,0,0
BRF:68
BRH:54
end_of_record
TN:
SF:src/services/inbound-message-dedupe.ts
FN:8,<instance_members_initializer>
FN:14,InboundMessageDedupe
FN:20,tryClaim
FN:38,pruneExpired
FN:44,trimArbitrary
FNF:5
FNH:3
FNDA:10,<instance_members_initializer>
FNDA:10,InboundMessageDedupe
FNDA:13,tryClaim
FNDA:0,pruneExpired
FNDA:0,trimArbitrary
DA:5,1
DA:6,1
DA:8,1
DA:9,10
DA:10,10
DA:11,10
DA:12,10
DA:14,10
DA:15,10
DA:16,10
DA:17,10
DA:20,10
DA:21,13
DA:22,13
DA:23,13
DA:24,13
DA:25,3
DA:26,3
DA:27,10
DA:28,10
DA:29,13
DA:30,0
DA:31,0
DA:32,13
DA:33,0
DA:34,0
DA:35,10
DA:36,13
DA:38,10
DA:39,0
DA:40,0
DA:41,0
DA:42,0
DA:44,10
DA:45,0
DA:46,0
DA:47,0
DA:48,0
DA:49,0
DA:50,0
DA:51,0
DA:52,0
DA:53,10
LF:43
LH:27
BRDA:8,0,0,10
BRDA:14,1,0,10
BRDA:15,2,0,1
BRDA:15,3,0,9
BRDA:16,4,0,1
BRDA:20,5,0,13
BRDA:24,6,0,4
BRDA:24,7,0,3
BRDA:26,8,0,10
BRDA:29,9,0,0
BRDA:31,10,0,10
BRDA:32,11,0,0
BRDA:34,12,0,10
BRF:13
BRH:11
end_of_record
TN:
SF:src/services/moderation-tier.ts
FN:5,moderationTierForCount
FN:11,decisionForTier
FNF:2
FNH:2
FNDA:8,moderationTierForCount
FNDA:7,decisionForTier
DA:5,1
DA:6,8
DA:7,8
DA:8,3
DA:9,3
DA:11,1
DA:12,7
DA:13,2
DA:14,2
DA:15,5
DA:16,2
DA:17,2
DA:18,3
DA:19,3
LF:14
LH:14
BRDA:5,0,0,8
BRDA:6,1,0,6
BRDA:6,2,0,3
BRDA:6,3,0,5
BRDA:7,4,0,5
BRDA:7,5,0,2
BRDA:7,6,0,3
BRDA:11,7,0,7
BRDA:12,8,0,2
BRDA:14,9,0,5
BRDA:15,10,0,2
BRDA:17,11,0,3
BRF:12
BRH:12
end_of_record
TN:
SF:src/services/pending-block-offer-store.ts
FN:20,<instance_members_initializer>
FN:23,create
FN:45,consume
FN:53,pruneExpired
FNF:4
FNH:4
FNDA:12,<instance_members_initializer>
FNDA:4,create
FNDA:5,consume
FNDA:9,pruneExpired
DA:2,1
DA:17,1
DA:20,1
DA:21,12
DA:23,12
DA:24,4
DA:25,4
DA:26,4
DA:27,4
DA:28,4
DA:29,4
DA:30,4
DA:31,4
DA:32,4
DA:33,4
DA:34,4
DA:35,4
DA:36,4
DA:37,4
DA:38,4
DA:39,4
DA:40,4
DA:41,4
DA:42,4
DA:43,4
DA:45,12
DA:46,5
DA:47,5
DA:48,5
DA:49,2
DA:50,2
DA:51,5
DA:53,12
DA:54,9
DA:55,9
DA:56,3
DA:57,3
DA:58,9
DA:59,12
LF:39
LH:39
BRDA:20,0,0,12
BRDA:23,1,0,4
BRDA:45,2,0,5
BRDA:48,3,0,3
BRDA:48,4,0,4
BRDA:48,5,0,3
BRDA:48,6,0,2
BRDA:53,7,0,9
BRDA:55,8,0,3
BRDA:56,9,0,0
BRF:10
BRH:9
end_of_record
TN:
SF:src/services/session-provider/block-onboarding-coordinator.ts
FN:19,<instance_members_initializer>
FN:22,BlockOnboardingCoordinator
FN:29,isAwaitingPhone
FN:33,requestPhoneForBlock
FN:53,onPhoneSubmitted
FN:82,executeBlockWithSession
FNF:6
FNH:6
FNDA:7,<instance_members_initializer>
FNDA:7,BlockOnboardingCoordinator
FNDA:4,isAwaitingPhone
FNDA:6,requestPhoneForBlock
FNDA:4,onPhoneSubmitted
FNDA:2,executeBlockWithSession
DA:19,1
DA:20,7
DA:22,7
DA:23,7
DA:24,7
DA:25,7
DA:26,7
DA:27,7
DA:29,7
DA:30,4
DA:31,4
DA:33,7
DA:34,6
DA:35,6
DA:36,6
DA:37,6
DA:38,6
DA:39,6
DA:40,1
DA:41,1
DA:42,1
DA:44,5
DA:45,5
DA:46,5
DA:47,5
DA:49,5
DA:50,5
DA:51,6
DA:53,7
DA:54,4
DA:55,4
DA:57,3
DA:58,3
DA:60,3
DA:62,3
DA:63,4
DA:64,2
DA:65,2
DA:66,2
DA:67,2
DA:68,2
DA:69,2
DA:70,2
DA:72,1
DA:73,1
DA:74,1
DA:76,1
DA:77,1
DA:78,1
DA:79,1
DA:80,4
DA:82,7
DA:83,2
DA:84,2
DA:85,2
DA:86,2
DA:87,2
DA:88,2
DA:89,1
DA:90,1
DA:91,1
DA:93,1
DA:94,1
DA:95,2
DA:96,7
LF:65
LH:65
BRDA:19,0,0,7
BRDA:22,1,0,7
BRDA:29,2,0,4
BRDA:30,3,0,2
BRDA:33,4,0,6
BRDA:39,5,0,1
BRDA:42,6,0,5
BRDA:53,7,0,4
BRDA:55,8,0,3
BRDA:55,9,0,1
BRDA:55,10,0,3
BRDA:63,11,0,2
BRDA:70,12,0,1
BRDA:82,13,0,2
BRDA:88,14,0,1
BRF:15
BRH:15
end_of_record
TN:
SF:src/services/session-provider/owner-notification.ts
FN:32,messageFromOwnerNotification
FNF:1
FNH:1
FNDA:7,messageFromOwnerNotification
DA:32,1
DA:36,7
DA:37,7
DA:38,7
DA:39,2
DA:40,2
DA:41,2
DA:42,2
DA:43,7
DA:44,1
DA:45,1
DA:46,1
DA:47,1
DA:48,1
DA:49,1
DA:50,7
DA:51,2
DA:52,2
DA:53,2
DA:54,2
DA:55,2
DA:56,2
DA:57,7
DA:58,2
DA:59,2
DA:60,2
DA:61,2
DA:62,2
DA:63,2
DA:64,2
DA:65,2
DA:66,2
DA:67,2
DA:68,2
DA:69,2
DA:70,2
DA:71,2
DA:72,7
DA:73,7
LF:39
LH:39
BRDA:32,0,0,7
BRDA:38,1,0,2
BRDA:43,2,0,1
BRDA:50,3,0,2
BRDA:57,4,0,2
BRF:5
BRH:5
end_of_record
TN:
SF:src/services/session-provider/owner-session-service.ts
FN:27,isAccessPending
FN:31,isOnboardingStep
FN:35,sleep
FN:39,<instance_members_initializer>
FN:44,OwnerSessionService
FN:51,create
FN:64,start
FN:70,stop
FN:80,getTdlibForOwner
FN:86,ensureOwnerSession
FN:119,grantSession
FN:140,onboardOwner
FN:192,notifyOnboardingStep
FN:210,notifyAccessPending
FN:233,connectTdlib
FN:250,openTdlib
FN:259,notAuthorized
FN:265,getPhoneNumber
FN:268,getAuthCode
FN:271,getPassword
FN:295,requireService
FNF:21
FNH:15
FNDA:13,isAccessPending
FNDA:5,isOnboardingStep
FNDA:452,sleep
FNDA:16,<instance_members_initializer>
FNDA:16,OwnerSessionService
FNDA:0,create
FNDA:0,start
FNDA:1,stop
FNDA:12,getTdlibForOwner
FNDA:18,ensureOwnerSession
FNDA:13,grantSession
FNDA:5,onboardOwner
FNDA:3,notifyOnboardingStep
FNDA:3,notifyAccessPending
FNDA:10,connectTdlib
FNDA:8,openTdlib
FNDA:0,notAuthorized
FNDA:0,getPhoneNumber
FNDA:0,getAuthCode
FNDA:0,getPassword
FNDA:18,requireService
DA:1,1
DA:9,1
DA:11,1
DA:14,1
DA:15,1
DA:27,13
DA:28,13
DA:29,13
DA:31,5
DA:32,5
DA:33,5
DA:35,452
DA:36,452
DA:37,452
DA:39,1
DA:40,16
DA:41,16
DA:42,16
DA:44,16
DA:45,16
DA:46,16
DA:47,16
DA:48,16
DA:49,16
DA:51,16
DA:52,0
DA:53,0
DA:54,0
DA:55,0
DA:56,0
DA:57,0
DA:58,0
DA:59,0
DA:60,0
DA:61,0
DA:62,0
DA:64,16
DA:65,0
DA:66,0
DA:67,0
DA:68,0
DA:70,16
DA:71,1
DA:72,1
DA:73,1
DA:74,1
DA:75,1
DA:76,1
DA:77,1
DA:80,16
DA:81,12
DA:82,12
DA:83,10
DA:84,12
DA:86,16
DA:87,18
DA:88,18
DA:89,18
DA:90,18
DA:91,1
DA:92,1
DA:93,1
DA:95,17
DA:96,17
DA:97,17
DA:98,10
DA:99,18
DA:100,7
DA:101,7
DA:102,1
DA:103,1
DA:104,1
DA:105,7
DA:106,1
DA:107,1
DA:108,1
DA:109,5
DA:110,7
DA:111,3
DA:112,3
DA:114,18
DA:116,13
DA:117,18
DA:119,16
DA:120,13
DA:121,13
DA:123,13
DA:124,3
DA:125,3
DA:126,3
DA:127,3
DA:128,3
DA:129,3
DA:130,3
DA:132,10
DA:133,10
DA:134,10
DA:135,10
DA:136,10
DA:137,10
DA:138,13
DA:140,16
DA:141,5
DA:142,5
DA:143,5
DA:144,5
DA:145,5
DA:146,5
DA:147,5
DA:148,5
DA:149,5
DA:151,5
DA:152,1
DA:153,1
DA:154,1
DA:156,5
DA:157,1
DA:158,1
DA:159,1
DA:160,1
DA:161,1
DA:162,1
DA:164,3
DA:165,3
DA:167,5
DA:168,453
DA:169,3
DA:170,3
DA:171,3
DA:173,453
DA:174,1
DA:175,1
DA:176,1
DA:178,452
DA:179,452
DA:180,452
DA:181,452
DA:182,452
DA:184,2
DA:185,2
DA:186,2
DA:187,2
DA:188,2
DA:189,2
DA:190,5
DA:192,16
DA:193,3
DA:195,3
DA:196,1
DA:197,1
DA:198,1
DA:199,1
DA:201,2
DA:202,2
DA:203,2
DA:204,0
DA:205,2
DA:206,2
DA:207,2
DA:208,3
DA:210,16
DA:211,3
DA:212,1
DA:213,1
DA:214,1
DA:215,1
DA:216,1
DA:217,1
DA:219,2
DA:220,3
DA:221,3
DA:222,1
DA:223,1
DA:224,1
DA:225,1
DA:226,1
DA:227,1
DA:228,1
DA:229,1
DA:230,1
DA:231,3
DA:233,16
DA:234,10
DA:235,10
DA:236,10
DA:238,9
DA:239,10
DA:241,8
DA:242,8
DA:243,8
DA:244,8
DA:245,8
DA:246,8
DA:247,8
DA:248,10
DA:250,16
DA:251,8
DA:252,8
DA:253,8
DA:254,8
DA:255,8
DA:256,8
DA:257,8
DA:259,8
DA:260,0
DA:262,8
DA:263,8
DA:264,8
DA:265,8
DA:266,0
DA:267,0
DA:268,8
DA:269,0
DA:270,0
DA:271,8
DA:272,0
DA:273,0
DA:274,8
DA:275,7
DA:276,7
DA:277,7
DA:278,7
DA:279,7
DA:280,7
DA:281,8
DA:282,1
DA:283,1
DA:284,1
DA:285,1
DA:286,1
DA:287,1
DA:288,1
DA:290,0
DA:291,1
DA:292,1
DA:293,8
DA:295,16
DA:296,18
DA:297,17
DA:298,17
DA:299,17
DA:300,18
DA:301,16
LF:243
LH:219
BRDA:27,0,0,13
BRDA:31,1,0,5
BRDA:32,2,0,4
BRDA:35,3,0,452
BRDA:36,4,0,452
BRDA:39,5,0,16
BRDA:44,6,0,16
BRDA:70,7,0,1
BRDA:80,8,0,12
BRDA:82,9,0,2
BRDA:82,10,0,10
BRDA:86,11,0,18
BRDA:90,12,0,1
BRDA:93,13,0,17
BRDA:97,14,0,10
BRDA:99,15,0,7
BRDA:101,16,0,1
BRDA:101,17,0,1
BRDA:104,18,0,6
BRDA:105,19,0,5
BRDA:105,20,0,1
BRDA:108,21,0,5
BRDA:110,22,0,3
BRDA:110,23,0,2
BRDA:110,24,0,3
BRDA:112,25,0,13
BRDA:114,26,0,0
BRDA:114,27,0,13
BRDA:119,28,0,13
BRDA:123,29,0,3
BRDA:130,30,0,10
BRDA:140,31,0,5
BRDA:151,32,0,1
BRDA:154,33,0,4
BRDA:156,34,0,1
BRDA:162,35,0,3
BRDA:167,36,0,453
BRDA:168,37,0,3
BRDA:173,38,0,1
BRDA:176,39,0,452
BRDA:182,40,0,2
BRDA:192,41,0,3
BRDA:193,42,0,0
BRDA:195,43,0,1
BRDA:199,44,0,2
BRDA:203,45,0,0
BRDA:210,46,0,3
BRDA:211,47,0,1
BRDA:217,48,0,2
BRDA:220,49,0,1
BRDA:220,50,0,1
BRDA:221,51,0,1
BRDA:220,52,0,1
BRDA:233,53,0,10
BRDA:236,54,0,1
BRDA:236,55,0,9
BRDA:239,56,0,1
BRDA:239,57,0,8
BRDA:250,58,0,8
BRDA:274,59,0,7
BRDA:281,60,0,1
BRDA:288,61,0,0
BRDA:295,62,0,18
BRDA:296,63,0,1
BRDA:296,64,0,17
BRF:65
BRH:61
end_of_record
TN:
SF:src/services/telegram/format-sender-ref.ts
FN:1,escapeHtml
FN:10,formatSenderRefHtml
FNF:2
FNH:2
FNDA:6,escapeHtml
FNDA:6,formatSenderRefHtml
DA:1,6
DA:2,6
DA:3,6
DA:4,6
DA:5,6
DA:6,6
DA:7,6
DA:10,1
DA:11,6
DA:12,6
DA:13,2
DA:14,2
DA:15,2
DA:16,4
DA:17,4
DA:18,4
LF:16
LH:16
BRDA:1,0,0,6
BRDA:10,1,0,6
BRDA:11,2,0,2
BRDA:12,3,0,2
BRDA:15,4,0,4
BRF:5
BRH:5
end_of_record
TN:
SF:src/services/telegram/tdlib-client.ts
FN:21,configureTdlib
FN:58,resolveSessionRoot
FN:70,sessionDirsFor
FN:79,createTdlibClient
FNF:4
FNH:4
FNDA:5,configureTdlib
FNDA:5,resolveSessionRoot
FNDA:5,sessionDirsFor
FNDA:5,createTdlibClient
DA:1,1
DA:2,1
DA:3,1
DA:4,1
DA:7,1
DA:19,1
DA:21,5
DA:22,5
DA:24,5
DA:25,5
DA:26,5
DA:27,5
DA:28,5
DA:29,5
DA:31,0
DA:32,0
DA:33,0
DA:34,0
DA:35,0
DA:36,0
DA:38,0
DA:40,0
DA:41,0
DA:42,0
DA:43,0
DA:44,0
DA:45,0
DA:46,0
DA:47,0
DA:48,0
DA:49,0
DA:50,0
DA:51,0
DA:53,0
DA:54,0
DA:55,0
DA:56,0
DA:58,5
DA:59,5
DA:60,5
DA:61,5
DA:62,2
DA:63,2
DA:64,5
DA:65,1
DA:66,1
DA:67,1
DA:68,1
DA:70,5
DA:71,5
DA:72,5
DA:73,5
DA:74,5
DA:75,5
DA:76,5
DA:77,5
DA:79,1
DA:80,5
DA:81,5
DA:82,5
DA:83,5
DA:84,5
DA:85,5
DA:86,5
DA:87,5
DA:88,5
DA:89,5
DA:90,5
DA:91,5
DA:92,1
DA:93,1
DA:94,1
DA:95,1
DA:96,5
DA:97,5
DA:98,5
LF:76
LH:53
BRDA:21,0,0,5
BRDA:22,1,0,0
BRDA:29,2,0,0
BRDA:58,3,0,5
BRDA:60,4,0,1
BRDA:60,5,0,4
BRDA:61,6,0,2
BRDA:61,7,0,2
BRDA:64,8,0,1
BRDA:64,9,0,1
BRDA:70,10,0,5
BRDA:79,11,0,5
BRDA:91,12,0,1
BRF:13
BRH:11
end_of_record
TN:
SF:src/use-cases/execute-moderation-action.ts
FN:16,<instance_members_initializer>
FN:17,ExecuteModerationActionUseCase
FN:22,execute
FN:46,executeBlock
FN:78,sendBlockViaBusinessAutomation
FN:108,blockContact
FNF:6
FNH:6
FNDA:10,<instance_members_initializer>
FNDA:10,ExecuteModerationActionUseCase
FNDA:3,execute
FNDA:2,executeBlock
FNDA:2,sendBlockViaBusinessAutomation
FNDA:2,blockContact
DA:5,1
DA:7,1
DA:16,1
DA:17,10
DA:18,10
DA:19,10
DA:20,10
DA:22,10
DA:23,3
DA:24,3
DA:30,3
DA:31,3
DA:33,2
DA:34,2
DA:35,2
DA:36,2
DA:37,2
DA:38,2
DA:39,2
DA:40,2
DA:41,2
DA:42,2
DA:43,2
DA:44,3
DA:46,10
DA:47,2
DA:48,2
DA:49,0
DA:50,0
DA:51,0
DA:53,2
DA:54,2
DA:55,2
DA:56,2
DA:57,0
DA:59,2
DA:60,2
DA:61,2
DA:63,2
DA:64,2
DA:65,2
DA:66,2
DA:67,2
DA:68,2
DA:69,2
DA:70,2
DA:71,2
DA:72,2
DA:73,2
DA:75,0
DA:76,2
DA:78,10
DA:79,2
DA:80,2
DA:81,2
DA:82,2
DA:83,2
DA:84,2
DA:85,2
DA:86,2
DA:87,2
DA:88,2
DA:89,2
DA:90,2
DA:91,2
DA:92,2
DA:93,0
DA:94,0
DA:95,0
DA:96,0
DA:97,0
DA:98,0
DA:99,2
DA:100,2
DA:101,2
DA:102,2
DA:103,2
DA:104,2
DA:105,2
DA:106,2
DA:108,10
DA:109,2
DA:110,2
DA:111,0
DA:112,0
DA:113,0
DA:115,2
DA:116,2
DA:117,2
DA:118,1
DA:119,1
DA:120,1
DA:121,2
DA:122,0
DA:123,0
DA:125,1
DA:126,1
DA:127,1
DA:128,1
DA:129,1
DA:130,1
DA:131,1
DA:132,1
DA:133,1
DA:134,2
DA:135,0
DA:136,0
DA:137,0
DA:138,0
DA:139,0
DA:140,2
DA:141,10
LF:112
LH:91
BRDA:16,0,0,10
BRDA:17,1,0,10
BRDA:22,2,0,3
BRDA:31,3,0,1
BRDA:31,4,0,2
BRDA:36,5,0,2
BRDA:46,6,0,2
BRDA:48,7,0,0
BRDA:56,8,0,0
BRDA:70,9,0,0
BRDA:73,10,0,0
BRDA:78,11,0,2
BRDA:92,12,0,0
BRDA:84,13,0,2
BRDA:108,14,0,2
BRDA:110,15,0,0
BRDA:117,16,0,1
BRDA:121,17,0,0
BRDA:123,18,0,1
BRDA:134,19,0,0
BRDA:126,20,0,1
BRF:21
BRH:13
end_of_record
TN:
SF:src/use-cases/handle-owner-block-callback.ts
FN:15,<instance_members_initializer>
FN:16,HandleOwnerBlockCallbackUseCase
FN:26,execute
FNF:3
FNH:3
FNDA:2,<instance_members_initializer>
FNDA:2,HandleOwnerBlockCallbackUseCase
FNDA:2,execute
DA:7,1
DA:10,1
DA:12,1
DA:13,1
DA:15,1
DA:16,2
DA:17,2
DA:18,2
DA:19,2
DA:20,2
DA:21,2
DA:22,2
DA:23,2
DA:24,2
DA:26,2
DA:27,2
DA:28,2
DA:30,2
DA:31,2
DA:32,1
DA:33,1
DA:34,1
DA:36,2
DA:37,0
DA:38,0
DA:40,1
DA:41,1
DA:42,1
DA:43,1
DA:44,1
DA:45,1
DA:46,2
DA:47,2
DA:49,2
DA:50,2
DA:51,2
DA:52,2
DA:53,2
DA:54,2
DA:55,2
DA:56,2
DA:57,2
DA:58,2
DA:59,2
DA:61,2
DA:62,2
DA:63,1
DA:64,1
DA:65,1
DA:66,1
DA:67,1
DA:68,1
DA:69,1
DA:70,1
DA:71,1
DA:72,1
DA:73,1
DA:74,1
DA:75,1
DA:76,1
DA:77,2
DA:79,2
DA:80,0
DA:81,0
DA:82,0
DA:83,0
DA:84,0
DA:85,0
DA:87,1
DA:88,1
DA:89,1
DA:90,1
DA:91,1
DA:92,1
DA:93,1
DA:94,1
DA:95,1
DA:96,1
DA:98,1
DA:99,1
DA:100,1
DA:101,1
DA:102,1
DA:103,1
DA:104,1
DA:105,1
DA:106,1
DA:107,1
DA:108,1
DA:109,1
DA:111,1
DA:112,1
DA:113,1
DA:114,1
DA:116,1
DA:117,2
DA:118,2
DA:119,2
LF:98
LH:90
BRDA:15,0,0,2
BRDA:16,1,0,2
BRDA:26,2,0,2
BRDA:27,3,0,2
BRDA:31,4,0,1
BRDA:36,5,0,0
BRDA:38,6,0,1
BRDA:46,7,0,0
BRDA:46,8,0,1
BRDA:57,9,0,0
BRDA:57,10,0,1
BRDA:77,11,0,1
BRDA:79,12,0,0
BRDA:85,13,0,1
BRDA:62,14,0,1
BRF:15
BRH:11
end_of_record
TN:
SF:src/use-cases/handle-policy.ts
FN:9,<instance_members_initializer>
FN:10,HandlePolicyUseCase
FN:16,execute
FNF:3
FNH:3
FNDA:3,<instance_members_initializer>
FNDA:3,HandlePolicyUseCase
FNDA:3,execute
DA:1,1
DA:5,1
DA:7,1
DA:9,1
DA:10,3
DA:11,3
DA:12,3
DA:13,3
DA:14,3
DA:16,3
DA:17,3
DA:18,3
DA:19,3
DA:20,3
DA:21,3
DA:22,3
DA:23,3
DA:24,1
DA:25,1
DA:26,3
DA:27,1
DA:28,1
DA:29,3
DA:30,0
DA:31,0
DA:32,3
DA:33,0
DA:34,0
DA:35,3
DA:36,1
DA:37,3
DA:39,2
DA:40,2
DA:41,2
DA:42,3
DA:43,1
DA:44,1
DA:45,3
DA:46,3
DA:47,3
LF:40
LH:36
BRDA:9,0,0,3
BRDA:10,1,0,3
BRDA:16,2,0,3
BRDA:18,3,0,3
BRDA:23,4,0,1
BRDA:26,5,0,1
BRDA:29,6,0,0
BRDA:32,7,0,0
BRDA:35,8,0,1
BRDA:37,9,0,2
BRDA:42,10,0,1
BRF:11
BRH:9
end_of_record
TN:
SF:src/use-cases/process-incoming-message.ts
FN:24,<instance_members_initializer>
FN:25,ProcessIncomingMessageUseCase
FN:39,execute
FN:43,telegram.chat_id
FN:53,executeModeration
FN:184,assignTierExperiment
FN:194,handleWarningTier
FN:238,queueBlockAction
FN:295,usesBusinessAutomationReply
FN:299,businessReplyInput
FN:308,sendReplyToIncoming
FN:323,sendFirstMessageReply
FN:353,buildReplyHtml
FN:357,substituteSessionUsernameHtml
FN:362,getSessionUsernameLabel
FN:370,escapeHtml
FNF:16
FNH:16
FNDA:7,<instance_members_initializer>
FNDA:7,ProcessIncomingMessageUseCase
FNDA:8,execute
FNDA:8,telegram.chat_id
FNDA:8,executeModeration
FNDA:4,assignTierExperiment
FNDA:3,handleWarningTier
FNDA:1,queueBlockAction
FNDA:4,usesBusinessAutomationReply
FNDA:2,businessReplyInput
FNDA:1,sendReplyToIncoming
FNDA:3,sendFirstMessageReply
FNDA:4,buildReplyHtml
FNDA:4,substituteSessionUsernameHtml
FNDA:4,getSessionUsernameLabel
FNDA:4,escapeHtml
DA:7,1
DA:10,1
DA:15,1
DA:18,1
DA:20,1
DA:21,1
DA:22,1
DA:24,1
DA:25,7
DA:26,7
DA:27,7
DA:28,7
DA:29,7
DA:30,7
DA:31,7
DA:32,7
DA:33,7
DA:34,7
DA:35,7
DA:36,7
DA:37,7
DA:39,7
DA:40,8
DA:41,8
DA:42,8
DA:43,8
DA:44,8
DA:45,8
DA:46,8
DA:47,8
DA:48,8
DA:49,8
DA:50,8
DA:51,8
DA:53,7
DA:54,8
DA:55,1
DA:56,1
DA:57,1
DA:58,1
DA:59,1
DA:60,1
DA:61,1
DA:62,1
DA:63,1
DA:64,1
DA:65,1
DA:66,1
DA:68,8
DA:69,1
DA:70,1
DA:71,1
DA:72,1
DA:73,1
DA:74,1
DA:75,1
DA:76,1
DA:77,1
DA:78,1
DA:79,1
DA:80,1
DA:82,6
DA:83,8
DA:84,6
DA:85,6
DA:86,6
DA:87,6
DA:88,1
DA:89,1
DA:90,1
DA:91,1
DA:92,1
DA:93,1
DA:94,1
DA:95,1
DA:96,1
DA:97,1
DA:98,1
DA:99,1
DA:100,1
DA:101,1
DA:102,6
DA:104,5
DA:105,8
DA:106,1
DA:107,1
DA:108,1
DA:109,1
DA:110,1
DA:111,1
DA:112,1
DA:113,1
DA:114,1
DA:115,1
DA:116,1
DA:117,1
DA:118,1
DA:119,1
DA:120,1
DA:121,1
DA:122,1
DA:123,1
DA:124,1
DA:125,1
DA:126,1
DA:127,1
DA:128,1
DA:129,1
DA:130,1
DA:131,1
DA:133,4
DA:134,4
DA:135,4
DA:136,4
DA:138,4
DA:139,4
DA:140,4
DA:142,4
DA:144,4
DA:145,4
DA:146,4
DA:147,4
DA:148,4
DA:149,4
DA:150,4
DA:152,4
DA:153,4
DA:154,4
DA:155,4
DA:157,4
DA:159,4
DA:160,4
DA:161,4
DA:162,4
DA:163,4
DA:164,4
DA:166,4
DA:167,4
DA:168,4
DA:169,4
DA:170,4
DA:171,4
DA:172,4
DA:173,4
DA:174,4
DA:176,8
DA:177,3
DA:178,3
DA:179,3
DA:181,1
DA:182,8
DA:184,7
DA:185,4
DA:186,2
DA:187,2
DA:188,4
DA:189,1
DA:190,1
DA:191,1
DA:192,4
DA:194,7
DA:195,3
DA:196,3
DA:197,3
DA:198,3
DA:199,3
DA:200,3
DA:201,3
DA:202,3
DA:203,3
DA:204,3
DA:205,3
DA:206,3
DA:207,3
DA:208,3
DA:209,3
DA:210,3
DA:211,3
DA:212,3
DA:213,3
DA:214,3
DA:215,3
DA:216,3
DA:217,3
DA:218,3
DA:219,3
DA:220,3
DA:221,3
DA:222,3
DA:223,3
DA:224,3
DA:225,3
DA:226,3
DA:228,3
DA:229,0
DA:230,0
DA:231,0
DA:232,0
DA:233,0
DA:234,0
DA:235,0
DA:236,3
DA:238,7
DA:239,1
DA:240,1
DA:241,1
DA:242,1
DA:243,1
DA:244,1
DA:245,1
DA:246,1
DA:247,1
DA:248,1
DA:250,1
DA:251,1
DA:252,1
DA:253,1
DA:254,1
DA:255,1
DA:256,1
DA:257,1
DA:258,1
DA:259,1
DA:260,1
DA:261,1
DA:262,1
DA:263,1
DA:264,1
DA:265,1
DA:266,1
DA:267,1
DA:268,1
DA:269,1
DA:271,1
DA:272,1
DA:273,1
DA:274,1
DA:275,1
DA:276,1
DA:277,1
DA:278,1
DA:279,1
DA:280,1
DA:281,1
DA:282,0
DA:283,0
DA:284,1
DA:285,1
DA:287,1
DA:288,1
DA:289,1
DA:290,1
DA:291,1
DA:292,1
DA:293,1
DA:295,7
DA:296,4
DA:297,4
DA:299,7
DA:300,2
DA:301,2
DA:302,2
DA:303,2
DA:304,2
DA:305,2
DA:306,2
DA:308,7
DA:309,1
DA:310,0
DA:311,0
DA:312,0
DA:313,0
DA:314,0
DA:315,0
DA:317,1
DA:318,1
DA:319,0
DA:320,0
DA:321,1
DA:323,7
DA:324,3
DA:325,3
DA:326,3
DA:327,3
DA:328,3
DA:329,1
DA:330,1
DA:331,1
DA:332,1
DA:333,1
DA:334,1
DA:336,3
DA:337,1
DA:338,1
DA:339,1
DA:340,1
DA:341,1
DA:342,0
DA:343,0
DA:344,0
DA:345,0
DA:346,0
DA:347,1
DA:348,1
DA:350,1
DA:351,3
DA:353,7
DA:354,4
DA:355,4
DA:357,7
DA:358,4
DA:359,4
DA:360,4
DA:362,7
DA:363,4
DA:364,4
DA:365,0
DA:366,0
DA:367,4
DA:368,4
DA:370,7
DA:371,4
DA:372,4
DA:373,4
DA:374,4
DA:375,4
DA:376,4
DA:377,7
LF:328
LH:304
BRDA:24,0,0,7
BRDA:25,1,0,7
BRDA:39,2,0,8
BRDA:48,3,0,5
BRDA:43,4,0,8
BRDA:53,5,0,8
BRDA:54,6,0,1
BRDA:66,7,0,7
BRDA:68,8,0,3
BRDA:68,9,0,1
BRDA:80,10,0,6
BRDA:83,11,0,6
BRDA:87,12,0,1
BRDA:102,13,0,5
BRDA:105,14,0,1
BRDA:131,15,0,4
BRDA:176,16,0,2
BRDA:176,17,0,3
BRDA:179,18,0,1
BRDA:84,19,0,6
BRDA:138,20,0,4
BRDA:152,21,0,4
BRDA:184,22,0,4
BRDA:185,23,0,2
BRDA:188,24,0,1
BRDA:194,25,0,3
BRDA:212,26,0,2
BRDA:212,27,0,1
BRDA:228,28,0,2
BRDA:228,29,0,0
BRDA:202,30,0,3
BRDA:238,31,0,1
BRDA:250,32,0,1
BRDA:251,33,0,1
BRDA:281,34,0,0
BRDA:295,35,0,4
BRDA:296,36,0,3
BRDA:299,37,0,2
BRDA:308,38,0,1
BRDA:309,39,0,0
BRDA:318,40,0,0
BRDA:323,41,0,3
BRDA:328,42,0,1
BRDA:334,43,0,2
BRDA:336,44,0,1
BRDA:341,45,0,0
BRDA:353,46,0,4
BRDA:357,47,0,4
BRDA:362,48,0,4
BRDA:363,49,0,0
BRDA:364,50,0,0
BRDA:370,51,0,4
BRF:52
BRH:45
end_of_record
TN:
SF:src/use-cases/send-prior-block-owner-prompt.ts
FN:12,<instance_members_initializer>
FN:13,SendPriorBlockOwnerPromptUseCase
FN:20,execute
FNF:3
FNH:3
FNDA:8,<instance_members_initializer>
FNDA:8,SendPriorBlockOwnerPromptUseCase
FNDA:1,execute
DA:4,1
DA:8,1
DA:10,1
DA:12,1
DA:13,8
DA:14,8
DA:15,8
DA:16,8
DA:17,8
DA:18,8
DA:20,8
DA:21,1
DA:22,1
DA:23,1
DA:24,1
DA:25,1
DA:26,1
DA:27,1
DA:28,1
DA:29,1
DA:31,1
DA:33,1
DA:34,1
DA:35,1
DA:36,1
DA:37,1
DA:39,1
DA:40,1
DA:41,1
DA:44,1
DA:45,1
DA:46,1
DA:47,1
DA:48,1
DA:49,1
DA:51,1
DA:52,1
DA:53,1
DA:54,1
DA:55,1
DA:56,1
DA:57,1
DA:58,1
DA:59,1
DA:60,1
DA:61,1
DA:62,1
DA:63,1
DA:64,1
DA:65,1
DA:66,8
LF:51
LH:51
BRDA:12,0,0,8
BRDA:13,1,0,8
BRDA:20,2,0,1
BRDA:24,3,0,1
BRF:4
BRH:4
end_of_record
TN:
SF:src/use-cases/toggle-moderation.ts
FN:6,<instance_members_initializer>
FN:7,ToggleModerationUseCase
FN:14,execute
FNF:3
FNH:3
FNDA:2,<instance_members_initializer>
FNDA:2,ToggleModerationUseCase
FNDA:2,execute
DA:6,1
DA:7,2
DA:8,2
DA:9,2
DA:10,2
DA:11,2
DA:12,2
DA:14,2
DA:15,2
DA:16,2
DA:17,2
DA:18,1
DA:19,1
DA:20,1
DA:22,2
DA:23,2
DA:24,2
DA:25,2
DA:26,2
DA:27,2
DA:28,2
DA:29,1
DA:30,1
DA:31,2
DA:32,2
DA:33,2
LF:26
LH:26
BRDA:6,0,0,2
BRDA:7,1,0,2
BRDA:14,2,0,2
BRDA:17,3,0,1
BRDA:22,4,0,0
BRDA:28,5,0,1
BRDA:29,6,0,1
BRF:7
BRH:6
end_of_record
TN:
SF:src/utils/analytics.ts
FN:4,trackEvent
FNF:1
FNH:1
FNDA:1,trackEvent
DA:1,1
DA:3,1
DA:4,1
DA:5,1
DA:6,1
DA:7,1
LF:6
LH:6
BRDA:4,0,0,1
BRF:1
BRH:1
end_of_record
TN:
SF:src/utils/env.ts
FN:1,(empty-report)
FNF:1
FNH:0
FNDA:0,(empty-report)
DA:1,0
DA:2,0
DA:3,0
DA:4,0
DA:5,0
DA:7,0
DA:8,0
DA:12,0
DA:13,0
DA:14,0
DA:15,0
DA:16,0
DA:17,0
DA:18,0
DA:19,0
DA:21,0
DA:22,0
DA:23,0
DA:24,0
DA:25,0
DA:26,0
DA:27,0
DA:28,0
DA:30,0
DA:31,0
DA:32,0
DA:33,0
DA:34,0
DA:35,0
DA:36,0
DA:37,0
DA:38,0
DA:39,0
DA:40,0
DA:41,0
DA:42,0
DA:43,0
DA:44,0
DA:45,0
DA:46,0
DA:47,0
DA:48,0
DA:49,0
DA:50,0
DA:51,0
DA:52,0
DA:53,0
DA:54,0
DA:58,0
DA:60,0
DA:61,0
DA:62,0
DA:63,0
DA:64,0
DA:65,0
DA:66,0
DA:67,0
DA:69,0
DA:70,0
DA:71,0
DA:72,0
DA:73,0
DA:74,0
DA:76,0
DA:77,0
DA:78,0
DA:79,0
DA:80,0
DA:82,0
DA:83,0
DA:84,0
DA:85,0
DA:86,0
DA:88,0
DA:89,0
DA:90,0
DA:92,0
DA:93,0
DA:94,0
DA:95,0
DA:96,0
DA:97,0
DA:99,0
DA:100,0
DA:101,0
DA:102,0
DA:103,0
DA:104,0
DA:106,0
DA:107,0
DA:108,0
DA:109,0
DA:110,0
DA:112,0
DA:113,0
DA:114,0
DA:115,0
DA:116,0
DA:117,0
DA:119,0
DA:120,0
DA:121,0
DA:122,0
DA:123,0
DA:124,0
DA:125,0
DA:126,0
DA:127,0
DA:128,0
DA:129,0
DA:130,0
DA:132,0
DA:133,0
DA:135,0
DA:136,0
DA:138,0
DA:139,0
DA:140,0
DA:141,0
DA:142,0
DA:143,0
DA:144,0
DA:145,0
DA:146,0
DA:147,0
DA:148,0
DA:149,0
DA:150,0
DA:151,0
DA:152,0
DA:153,0
DA:155,0
DA:156,0
DA:157,0
LF:134
LH:0
BRDA:1,0,0,0
BRF:1
BRH:0
end_of_record
TN:
SF:src/utils/logger.ts
FN:13,minLevelRank
FN:18,<instance_members_initializer>
FN:21,Logger
FN:25,shouldLog
FN:29,log
FN:41,info
FN:45,warn
FN:49,error
FN:53,debug
FNF:9
FNH:7
FNDA:1,minLevelRank
FNDA:1,<instance_members_initializer>
FNDA:1,Logger
FNDA:2,shouldLog
FNDA:2,log
FNDA:1,info
FNDA:1,warn
FNDA:0,error
FNDA:0,debug
DA:1,1
DA:6,1
DA:7,1
DA:8,1
DA:9,1
DA:10,1
DA:11,1
DA:13,1
DA:14,1
DA:15,1
DA:16,1
DA:18,1
DA:19,1
DA:21,1
DA:22,1
DA:23,1
DA:25,1
DA:26,2
DA:27,2
DA:29,1
DA:30,2
DA:31,1
DA:32,1
DA:33,1
DA:34,1
DA:35,1
DA:36,1
DA:38,1
DA:39,2
DA:41,1
DA:42,1
DA:43,1
DA:45,1
DA:46,1
DA:47,1
DA:49,1
DA:50,0
DA:51,0
DA:53,1
DA:54,0
DA:55,0
DA:56,1
LF:42
LH:38
BRDA:13,0,0,1
BRDA:15,1,0,0
BRDA:18,2,0,1
BRDA:21,3,0,1
BRDA:25,4,0,2
BRDA:29,5,0,2
BRDA:30,6,0,1
BRDA:41,7,0,1
BRDA:45,8,0,1
BRF:9
BRH:8
end_of_record
TN:
SF:src/utils/telemetry.ts
FN:42,otlpEndpoint
FN:48,otlpUrl
FN:53,deploymentEnvironment
FN:57,telemetryEnabled
FN:61,initTelemetry
FN:113,shutdownTelemetry
FN:122,getTracer
FN:126,getMeter
FN:131,attrProps
FN:140,setSpanAttributes
FN:151,withSpan
FN:173,withRootSpan
FN:182,recordAnalyticsMetric
FN:187,recordAnalyticsEvent
FNF:14
FNH:3
FNDA:0,otlpEndpoint
FNDA:0,otlpUrl
FNDA:0,deploymentEnvironment
FNDA:0,telemetryEnabled
FNDA:0,initTelemetry
FNDA:0,shutdownTelemetry
FNDA:7,getTracer
FNDA:0,getMeter
FNDA:0,attrProps
FNDA:26,setSpanAttributes
FNDA:38,withSpan
FNDA:0,withRootSpan
FNDA:0,recordAnalyticsMetric
FNDA:0,recordAnalyticsEvent
DA:9,1
DA:10,1
DA:21,1
DA:22,1
DA:23,1
DA:24,1
DA:25,1
DA:26,1
DA:27,1
DA:28,1
DA:32,1
DA:34,1
DA:35,1
DA:37,1
DA:38,1
DA:39,1
DA:40,1
DA:42,0
DA:43,0
DA:44,0
DA:45,0
DA:46,0
DA:48,0
DA:49,0
DA:50,0
DA:51,0
DA:53,0
DA:54,0
DA:55,0
DA:57,1
DA:58,0
DA:59,0
DA:61,0
DA:62,0
DA:63,0
DA:65,0
DA:66,0
DA:68,0
DA:69,0
DA:70,0
DA:71,0
DA:72,0
DA:74,0
DA:75,0
DA:76,0
DA:77,0
DA:78,0
DA:79,0
DA:80,0
DA:82,0
DA:83,0
DA:84,0
DA:85,0
DA:86,0
DA:87,0
DA:88,0
DA:89,0
DA:90,0
DA:92,0
DA:94,0
DA:95,0
DA:96,0
DA:97,0
DA:98,0
DA:100,0
DA:101,0
DA:102,0
DA:103,0
DA:104,0
DA:105,0
DA:106,0
DA:107,0
DA:108,0
DA:109,0
DA:110,0
DA:111,0
DA:113,0
DA:114,0
DA:115,0
DA:116,0
DA:117,0
DA:118,0
DA:119,0
DA:120,0
DA:122,1
DA:123,7
DA:124,7
DA:126,1
DA:127,0
DA:128,0
DA:131,0
DA:132,0
DA:133,0
DA:134,0
DA:135,0
DA:136,0
DA:137,0
DA:138,0
DA:140,1
DA:141,26
DA:142,71
DA:143,71
DA:144,71
DA:145,71
DA:146,0
DA:147,0
DA:148,71
DA:149,26
DA:151,38
DA:152,38
DA:153,38
DA:154,38
DA:155,38
DA:156,38
DA:157,38
DA:158,38
DA:159,38
DA:160,38
DA:161,38
DA:162,0
DA:163,0
DA:164,0
DA:165,0
DA:166,0
DA:167,38
DA:168,38
DA:169,38
DA:170,38
DA:173,0
DA:174,0
DA:175,0
DA:176,0
DA:177,0
DA:178,0
DA:179,0
DA:180,0
DA:182,1
DA:183,0
DA:184,0
DA:185,0
DA:187,1
DA:188,0
DA:189,0
DA:191,0
DA:192,0
DA:193,0
DA:194,0
DA:195,0
DA:196,0
DA:197,0
DA:198,0
DA:199,0
DA:200,0
DA:201,0
LF:154
LH:47
BRDA:122,0,0,7
BRDA:140,1,0,26
BRDA:141,2,0,71
BRDA:142,3,0,0
BRDA:143,4,0,15
BRDA:143,5,0,2
BRDA:145,6,0,0
BRDA:151,7,0,38
BRDA:157,8,0,38
BRDA:158,9,0,8
BRDA:161,10,0,0
BRF:11
BRH:8
end_of_record
TN:
SF:src/utils/db/database.ts
FN:1,(empty-report)
FNF:1
FNH:0
FNDA:0,(empty-report)
DA:1,0
DA:3,0
DA:4,0
DA:6,0
DA:7,0
DA:9,0
DA:10,0
DA:11,0
DA:12,0
DA:13,0
DA:14,0
DA:15,0
DA:16,0
DA:17,0
DA:18,0
DA:19,0
DA:20,0
DA:21,0
DA:22,0
DA:23,0
DA:24,0
DA:26,0
DA:27,0
DA:28,0
DA:29,0
DA:30,0
DA:31,0
DA:33,0
DA:34,0
DA:35,0
DA:36,0
DA:37,0
DA:38,0
DA:39,0
DA:40,0
DA:41,0
DA:42,0
DA:44,0
DA:45,0
DA:46,0
DA:47,0
DA:48,0
DA:50,0
DA:51,0
DA:52,0
DA:53,0
DA:55,0
DA:56,0
DA:57,0
DA:58,0
DA:59,0
DA:60,0
DA:61,0
DA:63,0
DA:64,0
DA:65,0
DA:66,0
LF:57
LH:0
BRDA:1,0,0,0
BRF:1
BRH:0
end_of_record
TN:
SF:src/utils/db/queue.ts
FN:18,<instance_members_initializer>
FN:25,DeferredWriteQueue
FN:34,enqueue
FN:42,enqueueFireAndForget
FN:48,getDlq
FN:52,kick
FN:58,processLoop
FN:72,executeTask
FN:104,sleep
FN:110,asError
FNF:10
FNH:10
FNDA:4,<instance_members_initializer>
FNDA:4,DeferredWriteQueue
FNDA:6,enqueue
FNDA:1,enqueueFireAndForget
FNDA:1,getDlq
FNDA:6,kick
FNDA:4,processLoop
FNDA:7,executeTask
FNDA:1,sleep
FNDA:1,asError
DA:18,1
DA:19,4
DA:20,4
DA:21,4
DA:22,4
DA:23,4
DA:25,4
DA:26,4
DA:27,4
DA:28,4
DA:29,4
DA:30,4
DA:31,4
DA:34,4
DA:35,6
DA:36,6
DA:37,6
DA:38,6
DA:39,6
DA:42,4
DA:43,1
DA:44,0
DA:45,1
DA:46,1
DA:48,4
DA:49,1
DA:50,1
DA:52,4
DA:53,6
DA:54,4
DA:55,4
DA:56,6
DA:58,4
DA:59,4
DA:60,7
DA:61,7
DA:62,0
DA:63,0
DA:65,7
DA:66,7
DA:67,7
DA:68,7
DA:69,4
DA:70,4
DA:72,4
DA:73,7
DA:74,7
DA:75,5
DA:76,5
DA:77,5
DA:78,7
DA:79,2
DA:80,2
DA:82,2
DA:83,0
DA:84,0
DA:86,2
DA:87,1
DA:88,1
DA:89,1
DA:90,1
DA:91,1
DA:92,1
DA:93,1
DA:94,1
DA:95,1
DA:96,1
DA:98,1
DA:99,1
DA:100,1
DA:101,1
DA:102,7
DA:104,4
DA:105,1
DA:106,1
DA:107,1
DA:108,1
DA:110,4
DA:111,1
DA:112,0
DA:113,1
DA:114,4
LF:82
LH:76
BRDA:18,0,0,4
BRDA:25,1,0,4
BRDA:34,2,0,6
BRDA:35,3,0,6
BRDA:42,4,0,1
BRDA:48,5,0,1
BRDA:52,6,0,6
BRDA:53,7,0,2
BRDA:53,8,0,4
BRDA:58,9,0,4
BRDA:59,10,0,7
BRDA:61,11,0,0
BRDA:66,12,0,0
BRDA:72,13,0,7
BRDA:74,14,0,5
BRDA:78,15,0,2
BRDA:82,16,0,0
BRDA:86,17,0,1
BRDA:104,18,0,1
BRDA:105,19,0,1
BRDA:110,20,0,1
BRDA:111,21,0,0
BRF:22
BRH:18
end_of_record
TN:
SF:src/utils/db/root.ts
FN:1,(empty-report)
FNF:1
FNH:0
FNDA:0,(empty-report)
DA:1,0
DA:2,0
DA:10,0
DA:11,0
DA:12,0
DA:13,0
DA:16,0
DA:17,0
DA:19,0
DA:20,0
DA:21,0
DA:23,0
DA:24,0
DA:25,0
DA:27,0
DA:28,0
DA:29,0
DA:32,0
DA:33,0
DA:34,0
DA:36,0
DA:37,0
DA:38,0
DA:39,0
DA:40,0
DA:46,0
DA:47,0
DA:48,0
DA:49,0
DA:50,0
DA:51,0
DA:52,0
DA:53,0
DA:54,0
DA:61,0
DA:62,0
DA:64,0
DA:65,0
DA:66,0
DA:67,0
DA:68,0
DA:69,0
DA:70,0
DA:71,0
DA:72,0
DA:73,0
DA:74,0
DA:75,0
DA:76,0
DA:77,0
DA:81,0
DA:82,0
DA:83,0
DA:84,0
DA:85,0
DA:86,0
DA:87,0
DA:88,0
DA:91,0
DA:92,0
DA:93,0
DA:94,0
DA:95,0
DA:96,0
DA:97,0
DA:98,0
DA:102,0
DA:103,0
DA:104,0
DA:105,0
DA:106,0
DA:107,0
DA:114,0
DA:115,0
DA:124,0
DA:125,0
DA:126,0
DA:127,0
DA:128,0
DA:129,0
DA:130,0
DA:131,0
DA:132,0
DA:133,0
DA:137,0
DA:138,0
DA:139,0
DA:140,0
DA:141,0
DA:142,0
DA:143,0
DA:144,0
DA:145,0
DA:147,0
DA:148,0
DA:149,0
DA:150,0
DA:151,0
DA:152,0
DA:153,0
DA:154,0
DA:155,0
DA:156,0
DA:157,0
DA:158,0
DA:159,0
DA:160,0
DA:161,0
DA:162,0
DA:163,0
DA:164,0
DA:165,0
DA:166,0
DA:167,0
DA:168,0
DA:169,0
DA:170,0
DA:171,0
DA:172,0
DA:173,0
DA:174,0
DA:175,0
DA:177,0
DA:178,0
DA:179,0
DA:180,0
DA:182,0
DA:183,0
DA:185,0
DA:186,0
DA:187,0
DA:188,0
DA:189,0
DA:191,0
DA:192,0
DA:193,0
DA:195,0
DA:196,0
DA:197,0
DA:198,0
DA:199,0
DA:200,0
DA:201,0
DA:202,0
DA:204,0
DA:205,0
DA:206,0
DA:207,0
DA:208,0
DA:209,0
DA:210,0
DA:211,0
DA:212,0
DA:214,0
DA:215,0
DA:216,0
DA:217,0
DA:218,0
DA:219,0
DA:220,0
DA:221,0
DA:223,0
DA:224,0
DA:225,0
DA:226,0
DA:227,0
DA:228,0
DA:229,0
DA:230,0
DA:232,0
DA:233,0
DA:234,0
DA:235,0
DA:237,0
DA:238,0
DA:239,0
DA:240,0
DA:245,0
DA:246,0
DA:247,0
DA:248,0
DA:249,0
DA:250,0
DA:251,0
DA:253,0
DA:254,0
DA:265,0
DA:266,0
DA:267,0
DA:268,0
DA:269,0
DA:270,0
DA:271,0
DA:272,0
DA:277,0
DA:278,0
DA:279,0
DA:280,0
DA:281,0
DA:282,0
DA:283,0
DA:284,0
DA:290,0
DA:291,0
DA:292,0
DA:293,0
DA:294,0
DA:295,0
DA:296,0
DA:297,0
DA:304,0
DA:305,0
DA:306,0
DA:307,0
DA:308,0
DA:309,0
DA:313,0
DA:314,0
DA:315,0
DA:316,0
DA:317,0
DA:318,0
DA:319,0
DA:320,0
DA:321,0
DA:322,0
DA:326,0
DA:327,0
DA:328,0
DA:329,0
DA:330,0
DA:331,0
DA:332,0
DA:333,0
DA:334,0
DA:335,0
DA:336,0
DA:337,0
DA:338,0
DA:340,0
DA:341,0
DA:342,0
DA:344,0
DA:345,0
DA:346,0
DA:347,0
LF:246
LH:0
BRDA:1,0,0,0
BRF:1
BRH:0
end_of_record
