TN:
SF:src/root.ts
FN:1,(empty-report)
FNF:1
FNH:0
FNDA:0,(empty-report)
DA:1,0
DA:2,0
DA:3,0
DA:4,0
DA:5,0
DA:6,0
DA:7,0
DA:8,0
DA:9,0
DA:10,0
DA:11,0
DA:12,0
DA:13,0
DA:14,0
DA:15,0
DA:16,0
DA:17,0
DA:18,0
DA:19,0
DA:20,0
DA:21,0
DA:22,0
DA:23,0
DA:24,0
DA:25,0
DA:26,0
DA:27,0
DA:28,0
DA:29,0
DA:30,0
DA:31,0
DA:33,0
DA:35,0
DA:36,0
DA:37,0
DA:38,0
DA:39,0
DA:40,0
DA:42,0
DA:43,0
DA:45,0
DA:46,0
DA:48,0
DA:49,0
DA:50,0
DA:51,0
DA:52,0
DA:53,0
DA:54,0
DA:55,0
DA:56,0
DA:57,0
DA:58,0
DA:59,0
DA:60,0
DA:61,0
DA:62,0
DA:63,0
DA:64,0
DA:65,0
DA:66,0
DA:67,0
DA:68,0
DA:69,0
DA:70,0
DA:71,0
DA:72,0
DA:73,0
DA:74,0
DA:75,0
DA:77,0
DA:78,0
DA:79,0
DA:80,0
DA:81,0
DA:82,0
DA:83,0
DA:84,0
DA:86,0
DA:87,0
DA:88,0
DA:89,0
DA:90,0
DA:91,0
DA:92,0
DA:93,0
DA:94,0
DA:95,0
DA:96,0
DA:97,0
DA:98,0
DA:99,0
DA:100,0
DA:101,0
DA:102,0
DA:104,0
DA:105,0
DA:106,0
DA:107,0
DA:108,0
DA:109,0
DA:110,0
DA:111,0
DA:112,0
DA:113,0
DA:114,0
DA:115,0
DA:116,0
DA:118,0
DA:119,0
DA:120,0
DA:121,0
DA:122,0
DA:123,0
DA:124,0
DA:126,0
DA:127,0
DA:128,0
DA:129,0
DA:130,0
DA:131,0
DA:132,0
DA:133,0
DA:134,0
DA:135,0
DA:136,0
DA:137,0
DA:138,0
DA:139,0
DA:140,0
DA:141,0
DA:142,0
DA:143,0
DA:144,0
DA:145,0
DA:146,0
DA:147,0
DA:149,0
DA:150,0
DA:151,0
DA:153,0
DA:154,0
DA:156,0
DA:157,0
DA:158,0
DA:159,0
DA:160,0
DA:161,0
DA:162,0
DA:163,0
DA:164,0
DA:165,0
DA:166,0
DA:167,0
DA:168,0
DA:169,0
LF:156
LH:0
BRDA:1,0,0,0
BRF:1
BRH:0
end_of_record
TN:
SF:src/types.ts
FN:1,(empty-report)
FNF:1
FNH:1
FNDA:1,(empty-report)
LF:0
LH:0
BRDA:1,0,0,1
BRF:1
BRH:1
end_of_record
TN:
SF:src/bg-services/action-queue-service.ts
FN:5,<instance_members_initializer>
FN:9,ActionQueueService
FN:11,enqueue
FN:18,run
FN:28,isRunning
FNF:5
FNH:5
FNDA:9,<instance_members_initializer>
FNDA:9,ActionQueueService
FNDA:5,enqueue
FNDA:3,run
FNDA:5,isRunning
DA:5,1
DA:6,9
DA:7,9
DA:9,9
DA:11,9
DA:12,5
DA:13,5
DA:14,3
DA:15,3
DA:16,5
DA:18,9
DA:19,3
DA:20,3
DA:21,5
DA:22,5
DA:23,5
DA:24,5
DA:25,5
DA:26,1
DA:27,1
DA:28,5
DA:29,5
DA:30,3
DA:31,3
DA:32,9
LF:25
LH:25
BRDA:5,0,0,9
BRDA:9,1,0,9
BRDA:11,2,0,5
BRDA:13,3,0,3
BRDA:18,4,0,3
BRDA:20,5,0,5
BRDA:22,6,0,0
BRDA:24,7,0,4
BRDA:25,8,0,1
BRDA:28,9,0,5
BRF:10
BRH:9
end_of_record
TN:
SF:src/bg-services/auth-http-service.ts
FN:1,(empty-report)
FNF:1
FNH:0
FNDA:0,(empty-report)
DA:1,0
DA:2,0
DA:3,0
DA:6,0
DA:8,0
DA:10,0
DA:11,0
DA:12,0
DA:13,0
DA:15,0
DA:16,0
DA:17,0
DA:18,0
DA:19,0
DA:20,0
DA:22,0
DA:23,0
DA:24,0
DA:25,0
DA:26,0
DA:27,0
DA:28,0
DA:29,0
DA:30,0
DA:31,0
DA:33,0
DA:34,0
DA:35,0
DA:36,0
DA:37,0
DA:38,0
DA:39,0
DA:40,0
DA:41,0
DA:42,0
DA:43,0
DA:44,0
DA:45,0
DA:47,0
DA:48,0
DA:49,0
DA:50,0
DA:51,0
DA:52,0
DA:53,0
DA:54,0
DA:55,0
DA:56,0
DA:57,0
DA:59,0
DA:60,0
DA:61,0
DA:62,0
DA:63,0
DA:64,0
DA:65,0
DA:66,0
DA:68,0
DA:69,0
DA:70,0
DA:71,0
DA:72,0
DA:73,0
DA:74,0
LF:64
LH:0
BRDA:1,0,0,0
BRF:1
BRH:0
end_of_record
TN:
SF:src/bg-services/mgmt-bot-service.ts
FN:1,(empty-report)
FNF:1
FNH:0
FNDA:0,(empty-report)
DA:1,0
DA:2,0
DA:7,0
DA:8,0
DA:9,0
DA:10,0
DA:11,0
DA:12,0
DA:13,0
DA:14,0
DA:15,0
DA:17,0
DA:18,0
DA:20,0
DA:21,0
DA:22,0
DA:23,0
DA:24,0
DA:25,0
DA:27,0
DA:28,0
DA:29,0
DA:30,0
DA:31,0
DA:32,0
DA:33,0
DA:35,0
DA:36,0
DA:37,0
DA:38,0
DA:40,0
DA:41,0
DA:43,0
DA:44,0
DA:45,0
DA:46,0
DA:47,0
DA:48,0
DA:49,0
DA:50,0
DA:51,0
DA:52,0
DA:53,0
DA:54,0
DA:55,0
DA:56,0
DA:57,0
DA:58,0
DA:60,0
DA:61,0
DA:62,0
DA:63,0
LF:52
LH:0
BRDA:1,0,0,0
BRF:1
BRH:0
end_of_record
TN:
SF:src/bg-services/mtproto-session-service.ts
FN:1,(empty-report)
FNF:1
FNH:1
FNDA:1,(empty-report)
DA:2,0
DA:4,0
DA:8,0
DA:9,0
DA:10,0
DA:12,0
DA:13,0
DA:14,0
DA:15,0
DA:16,0
DA:17,0
DA:18,0
DA:19,0
DA:21,0
DA:22,0
DA:23,0
DA:24,0
DA:25,0
DA:26,0
DA:27,0
DA:28,0
DA:29,0
DA:30,0
DA:31,0
DA:34,0
DA:35,0
DA:36,0
DA:38,0
DA:39,0
DA:41,0
DA:42,0
DA:43,0
DA:44,0
DA:45,0
DA:46,0
DA:47,0
DA:48,0
DA:50,0
DA:51,0
DA:52,0
DA:53,0
DA:54,0
DA:55,0
DA:57,0
DA:58,0
DA:59,0
DA:60,0
DA:61,0
DA:62,0
DA:63,0
DA:64,0
DA:66,0
DA:67,0
DA:68,0
DA:69,0
DA:70,0
DA:71,0
DA:72,0
DA:73,0
DA:74,0
DA:75,0
DA:77,0
DA:78,0
DA:79,0
DA:80,0
DA:82,0
DA:83,0
DA:84,0
DA:85,0
DA:86,0
DA:87,0
DA:88,0
DA:89,0
LF:73
LH:0
BRDA:1,0,0,1
BRF:1
BRH:1
end_of_record
TN:
SF:src/controllers/bot-controller.ts
FN:6,<instance_members_initializer>
FN:7,BotController
FN:14,handleStart
FN:25,handleText
FN:39,handleToggleOnOff
FN:50,guard
FNF:6
FNH:4
FNDA:2,<instance_members_initializer>
FNDA:2,BotController
FNDA:2,handleStart
FNDA:0,handleText
FNDA:0,handleToggleOnOff
FNDA:2,guard
DA:6,1
DA:7,2
DA:8,2
DA:9,2
DA:10,2
DA:11,2
DA:12,2
DA:14,2
DA:15,2
DA:16,2
DA:17,2
DA:18,2
DA:19,2
DA:20,1
DA:21,1
DA:22,2
DA:23,2
DA:25,2
DA:26,0
DA:27,0
DA:28,0
DA:29,0
DA:30,0
DA:31,0
DA:32,0
DA:33,0
DA:34,0
DA:35,0
DA:36,0
DA:37,0
DA:39,2
DA:40,0
DA:41,0
DA:42,0
DA:43,0
DA:44,0
DA:45,0
DA:46,0
DA:47,0
DA:48,0
DA:50,2
DA:51,2
DA:52,2
DA:53,1
DA:54,1
DA:55,1
DA:56,1
DA:57,2
DA:58,2
LF:49
LH:28
BRDA:6,0,0,2
BRDA:7,1,0,2
BRDA:14,2,0,2
BRDA:16,3,0,2
BRDA:17,4,0,1
BRDA:19,5,0,1
BRDA:50,6,0,2
BRDA:52,7,0,1
BRF:8
BRH:8
end_of_record
TN:
SF:src/controllers/chat-automation-controller.ts
FN:1,(empty-report)
FNF:1
FNH:1
FNDA:1,(empty-report)
DA:7,0
DA:9,0
DA:10,0
DA:12,0
DA:13,0
DA:14,0
DA:15,0
DA:17,0
DA:18,0
DA:20,0
DA:25,0
DA:44,0
DA:45,0
DA:46,0
DA:47,0
DA:48,0
DA:49,0
DA:50,0
DA:51,0
DA:52,0
DA:53,0
DA:54,0
DA:55,0
DA:57,0
DA:58,0
DA:60,0
DA:61,0
DA:62,0
DA:63,0
DA:64,0
DA:65,0
DA:66,0
DA:71,0
DA:72,0
DA:73,0
DA:75,0
DA:76,0
DA:77,0
DA:79,0
DA:80,0
DA:82,0
DA:83,0
DA:84,0
DA:85,0
DA:86,0
DA:87,0
DA:88,0
DA:89,0
DA:90,0
DA:92,0
DA:93,0
DA:94,0
DA:95,0
DA:101,0
DA:102,0
DA:103,0
DA:104,0
DA:105,0
DA:106,0
DA:107,0
DA:108,0
DA:109,0
DA:110,0
DA:111,0
DA:112,0
DA:113,0
DA:114,0
DA:115,0
DA:116,0
DA:117,0
DA:118,0
DA:119,0
DA:120,0
DA:121,0
DA:122,0
DA:124,0
DA:125,0
DA:126,0
DA:127,0
DA:128,0
DA:129,0
DA:130,0
DA:131,0
DA:132,0
DA:134,0
DA:135,0
DA:136,0
DA:137,0
DA:138,0
DA:139,0
DA:140,0
DA:141,0
DA:142,0
DA:143,0
DA:144,0
DA:145,0
DA:146,0
DA:147,0
DA:149,0
DA:150,0
DA:151,0
DA:152,0
DA:153,0
DA:156,0
DA:157,0
DA:158,0
DA:159,0
DA:160,0
DA:161,0
DA:162,0
DA:163,0
DA:164,0
DA:167,0
DA:168,0
DA:169,0
DA:170,0
DA:171,0
DA:172,0
DA:173,0
DA:174,0
DA:176,0
DA:177,0
DA:178,0
DA:179,0
DA:180,0
DA:181,0
DA:182,0
DA:184,0
DA:185,0
DA:186,0
DA:187,0
DA:188,0
DA:189,0
DA:190,0
DA:191,0
DA:192,0
DA:193,0
DA:194,0
DA:195,0
DA:196,0
DA:197,0
DA:198,0
DA:199,0
DA:200,0
DA:201,0
DA:202,0
DA:203,0
DA:204,0
DA:207,0
DA:208,0
DA:209,0
DA:210,0
DA:211,0
DA:213,0
DA:214,0
DA:215,0
DA:216,0
DA:217,0
DA:218,0
DA:219,0
DA:220,0
DA:221,0
LF:162
LH:0
BRDA:1,0,0,1
BRF:1
BRH:1
end_of_record
TN:
SF:src/controllers/mtproto-controller.ts
FN:1,(empty-report)
FNF:1
FNH:1
FNDA:1,(empty-report)
DA:5,0
DA:7,0
DA:9,0
DA:10,0
DA:11,0
DA:12,0
DA:13,0
DA:15,0
DA:16,0
DA:17,0
DA:18,0
DA:19,0
DA:20,0
DA:21,0
DA:22,0
DA:23,0
DA:24,0
DA:27,0
DA:28,0
DA:29,0
DA:30,0
DA:31,0
DA:32,0
DA:33,0
DA:34,0
DA:35,0
DA:36,0
DA:38,0
DA:39,0
DA:40,0
DA:42,0
DA:43,0
DA:45,0
DA:47,0
DA:48,0
DA:49,0
DA:50,0
DA:51,0
DA:52,0
DA:54,0
DA:55,0
DA:56,0
DA:57,0
DA:58,0
DA:59,0
DA:60,0
DA:61,0
DA:62,0
DA:63,0
DA:64,0
DA:65,0
DA:66,0
DA:67,0
DA:68,0
DA:69,0
DA:70,0
DA:71,0
DA:72,0
LF:58
LH:0
BRDA:1,0,0,1
BRF:1
BRH:1
end_of_record
TN:
SF:src/middleware/error-middleware.ts
FN:1,withErrorBoundary
FNF:1
FNH:1
FNDA:2,withErrorBoundary
DA:1,1
DA:2,2
DA:3,2
DA:4,2
DA:5,1
DA:7,1
DA:8,1
DA:9,2
DA:10,2
LF:9
LH:9
BRDA:1,0,0,2
BRDA:2,1,0,2
BRDA:4,2,0,1
BRF:3
BRH:3
end_of_record
TN:
SF:src/middleware/handle-user-middleware.ts
FN:1,(empty-report)
FNF:1
FNH:1
FNDA:1,(empty-report)
DA:3,0
DA:5,0
DA:14,0
DA:15,0
DA:16,0
DA:17,0
DA:18,0
DA:20,0
DA:21,0
DA:22,0
DA:23,0
DA:24,0
DA:25,0
DA:26,0
DA:27,0
DA:28,0
DA:29,0
DA:30,0
DA:32,0
DA:33,0
DA:34,0
DA:35,0
DA:36,0
DA:37,0
DA:38,0
DA:39,0
DA:40,0
DA:41,0
DA:42,0
DA:43,0
DA:44,0
DA:45,0
LF:32
LH:0
BRDA:1,0,0,1
BRF:1
BRH:1
end_of_record
TN:
SF:src/middleware/session-moderation-toggle-middleware.ts
FN:3,<instance_members_initializer>
FN:4,SessionModerationToggleMiddleware
FN:6,isEnabled
FNF:3
FNH:3
FNDA:3,<instance_members_initializer>
FNDA:3,SessionModerationToggleMiddleware
FNDA:3,isEnabled
DA:3,1
DA:4,3
DA:6,3
DA:7,3
DA:8,3
DA:9,3
DA:10,3
LF:7
LH:7
BRDA:3,0,0,3
BRDA:4,1,0,3
BRDA:6,2,0,3
BRDA:8,3,0,2
BRF:4
BRH:4
end_of_record
TN:
SF:src/repositories/action-log-repository.ts
FN:4,<instance_members_initializer>
FN:5,ActionLogRepository
FN:8,hasPriorBlockInSession
FN:13,hasPriorBlockByOtherSession
FN:22,save
FN:38,saveDeferred
FNF:6
FNH:5
FNDA:1,<instance_members_initializer>
FNDA:1,ActionLogRepository
FNDA:1,hasPriorBlockInSession
FNDA:1,hasPriorBlockByOtherSession
FNDA:0,save
FNDA:1,saveDeferred
DA:4,1
DA:5,1
DA:8,1
DA:9,1
DA:10,1
DA:13,1
DA:14,1
DA:15,1
DA:16,1
DA:17,1
DA:18,1
DA:19,1
DA:20,1
DA:22,1
DA:27,0
DA:28,0
DA:29,0
DA:30,0
DA:31,0
DA:32,0
DA:33,0
DA:34,0
DA:35,0
DA:36,0
DA:38,1
DA:43,1
DA:44,1
DA:45,1
DA:46,1
DA:47,1
DA:48,1
DA:49,1
DA:50,1
DA:51,1
DA:52,1
DA:53,1
LF:36
LH:26
BRDA:4,0,0,1
BRDA:5,1,0,1
BRDA:8,2,0,1
BRDA:13,3,0,1
BRDA:38,4,0,1
BRF:5
BRH:5
end_of_record
TN:
SF:src/repositories/message-repository.ts
FN:4,<instance_members_initializer>
FN:5,MessageRepository
FN:7,save
FN:17,countBySender
FN:28,countInMessagingInstance
FNF:5
FNH:4
FNDA:1,<instance_members_initializer>
FNDA:1,MessageRepository
FNDA:1,save
FNDA:1,countBySender
FNDA:0,countInMessagingInstance
DA:4,1
DA:5,1
DA:7,1
DA:8,1
DA:9,1
DA:10,1
DA:11,1
DA:12,1
DA:13,1
DA:14,1
DA:15,1
DA:17,1
DA:18,1
DA:19,1
DA:20,1
DA:21,1
DA:22,1
DA:23,1
DA:24,1
DA:25,1
DA:28,1
DA:29,0
DA:30,0
DA:31,0
DA:32,0
DA:33,0
DA:34,0
DA:35,0
DA:36,0
DA:37,0
DA:38,0
DA:39,0
DA:40,0
DA:41,1
LF:34
LH:22
BRDA:4,0,0,1
BRDA:5,1,0,1
BRDA:7,2,0,1
BRDA:17,3,0,1
BRF:4
BRH:4
end_of_record
TN:
SF:src/repositories/session-repository.ts
FN:4,<instance_members_initializer>
FN:5,SessionRepository
FN:7,listActive
FN:11,findByUserId
FN:15,upsertActive
FN:19,setActive
FNF:6
FNH:4
FNDA:1,<instance_members_initializer>
FNDA:1,SessionRepository
FNDA:0,listActive
FNDA:1,findByUserId
FNDA:1,upsertActive
FNDA:0,setActive
DA:4,1
DA:5,1
DA:7,1
DA:8,0
DA:9,0
DA:11,1
DA:12,1
DA:13,1
DA:15,1
DA:16,1
DA:17,1
DA:19,1
DA:20,0
DA:21,0
DA:22,1
LF:15
LH:11
BRDA:4,0,0,1
BRDA:5,1,0,1
BRDA:11,2,0,1
BRDA:15,3,0,1
BRF:4
BRH:4
end_of_record
TN:
SF:src/routes/bot.ts
FN:1,(empty-report)
FNF:1
FNH:1
FNDA:1,(empty-report)
DA:7,0
DA:9,0
DA:19,0
DA:20,0
DA:21,0
DA:22,0
DA:23,0
DA:29,0
DA:30,0
DA:31,0
DA:32,0
DA:33,0
DA:34,0
DA:35,0
DA:36,0
DA:38,0
DA:39,0
DA:40,0
DA:41,0
DA:42,0
DA:44,0
DA:45,0
DA:46,0
DA:47,0
DA:48,0
DA:49,0
DA:51,0
DA:52,0
DA:53,0
DA:54,0
DA:55,0
DA:56,0
DA:57,0
DA:58,0
DA:59,0
DA:60,0
DA:61,0
DA:62,0
DA:63,0
DA:64,0
DA:66,0
DA:67,0
DA:68,0
DA:69,0
DA:70,0
DA:71,0
DA:72,0
DA:73,0
DA:74,0
DA:75,0
DA:76,0
DA:77,0
DA:78,0
DA:79,0
DA:81,0
DA:82,0
DA:83,0
DA:84,0
DA:85,0
DA:86,0
DA:87,0
DA:88,0
DA:89,0
DA:90,0
DA:91,0
DA:92,0
DA:93,0
DA:94,0
DA:95,0
DA:96,0
DA:97,0
DA:98,0
DA:99,0
DA:100,0
DA:101,0
DA:102,0
DA:103,0
DA:105,0
DA:106,0
DA:107,0
DA:108,0
LF:81
LH:0
BRDA:1,0,0,1
BRF:1
BRH:1
end_of_record
TN:
SF:src/routes/mtproto.ts
FN:1,(empty-report)
FNF:1
FNH:0
FNDA:0,(empty-report)
DA:1,0
DA:6,0
DA:7,0
DA:8,0
DA:9,0
DA:10,0
DA:12,0
DA:13,0
DA:14,0
DA:15,0
DA:16,0
DA:17,0
DA:18,0
DA:19,0
LF:14
LH:0
BRDA:1,0,0,0
BRF:1
BRH:0
end_of_record
TN:
SF:src/services/auth-challenge-service.ts
FN:10,<instance_members_initializer>
FN:13,AuthChallengeService
FN:15,create
FN:28,getPrompt
FN:38,submit
FNF:5
FNH:5
FNDA:3,<instance_members_initializer>
FNDA:3,AuthChallengeService
FNDA:2,create
FNDA:1,getPrompt
FNDA:2,submit
DA:1,1
DA:10,1
DA:11,3
DA:13,3
DA:15,3
DA:16,2
DA:17,2
DA:18,2
DA:19,2
DA:20,2
DA:21,2
DA:22,2
DA:23,2
DA:24,2
DA:25,2
DA:26,2
DA:28,3
DA:29,1
DA:30,1
DA:31,1
DA:32,0
DA:33,0
DA:34,0
DA:35,1
DA:36,1
DA:38,3
DA:39,2
DA:40,2
DA:41,2
DA:42,0
DA:43,0
DA:44,0
DA:45,1
DA:46,1
DA:47,1
DA:48,2
DA:49,3
LF:37
LH:31
BRDA:10,0,0,3
BRDA:13,1,0,3
BRDA:15,2,0,2
BRDA:17,3,0,2
BRDA:28,4,0,1
BRDA:30,5,0,0
BRDA:31,6,0,0
BRDA:38,7,0,2
BRDA:40,8,0,1
BRDA:41,9,0,0
BRDA:44,10,0,1
BRF:11
BRH:8
end_of_record
TN:
SF:src/services/client-notification-service.ts
FN:1,(empty-report)
FNF:1
FNH:0
FNDA:0,(empty-report)
DA:1,0
DA:2,0
DA:3,0
DA:5,0
DA:6,0
DA:8,0
DA:17,0
DA:18,0
DA:20,0
DA:22,0
DA:23,0
DA:24,0
DA:26,0
DA:27,0
DA:28,0
DA:29,0
DA:30,0
DA:31,0
DA:32,0
DA:33,0
DA:34,0
DA:35,0
DA:36,0
DA:37,0
DA:38,0
DA:40,0
DA:41,0
DA:42,0
DA:43,0
DA:44,0
DA:46,0
DA:47,0
DA:48,0
DA:49,0
DA:50,0
DA:51,0
DA:52,0
DA:53,0
DA:54,0
DA:55,0
DA:56,0
DA:58,0
DA:59,0
DA:60,0
DA:61,0
DA:62,0
DA:63,0
DA:64,0
DA:65,0
DA:66,0
DA:67,0
DA:68,0
DA:69,0
DA:70,0
DA:72,0
DA:73,0
DA:74,0
DA:75,0
DA:76,0
DA:78,0
DA:79,0
DA:80,0
DA:81,0
DA:82,0
DA:83,0
DA:84,0
DA:85,0
DA:86,0
DA:87,0
DA:88,0
DA:89,0
DA:90,0
DA:91,0
DA:93,0
DA:94,0
DA:95,0
DA:96,0
DA:97,0
DA:98,0
DA:99,0
DA:100,0
DA:101,0
DA:102,0
DA:103,0
DA:104,0
DA:105,0
DA:106,0
DA:107,0
DA:108,0
DA:109,0
DA:110,0
DA:112,0
DA:113,0
DA:114,0
DA:115,0
DA:116,0
DA:118,0
DA:119,0
DA:120,0
DA:121,0
DA:122,0
DA:123,0
DA:124,0
DA:125,0
DA:126,0
DA:127,0
DA:128,0
DA:129,0
DA:130,0
DA:131,0
DA:132,0
DA:133,0
DA:134,0
DA:135,0
DA:136,0
DA:139,0
DA:140,0
DA:141,0
DA:142,0
DA:143,0
DA:144,0
DA:145,0
DA:146,0
DA:147,0
DA:148,0
DA:149,0
DA:150,0
DA:151,0
DA:152,0
DA:153,0
DA:154,0
DA:156,0
DA:157,0
DA:158,0
DA:159,0
DA:160,0
DA:161,0
DA:162,0
DA:164,0
DA:165,0
DA:166,0
DA:167,0
DA:168,0
DA:169,0
DA:170,0
DA:171,0
DA:172,0
DA:173,0
DA:174,0
DA:175,0
DA:176,0
DA:177,0
DA:178,0
DA:179,0
DA:180,0
DA:181,0
DA:182,0
DA:183,0
DA:184,0
DA:185,0
DA:186,0
DA:187,0
DA:188,0
DA:190,0
DA:191,0
DA:192,0
DA:193,0
DA:194,0
DA:196,0
DA:197,0
DA:198,0
DA:199,0
DA:200,0
DA:201,0
DA:202,0
DA:203,0
DA:204,0
DA:205,0
DA:206,0
DA:207,0
DA:208,0
DA:209,0
DA:210,0
DA:212,0
DA:214,0
DA:215,0
DA:216,0
DA:217,0
DA:218,0
DA:219,0
DA:221,0
DA:222,0
DA:223,0
DA:224,0
DA:225,0
DA:226,0
DA:227,0
DA:229,0
DA:230,0
DA:231,0
DA:232,0
DA:234,0
DA:235,0
DA:236,0
DA:237,0
DA:238,0
DA:239,0
DA:240,0
DA:241,0
DA:242,0
DA:243,0
DA:244,0
DA:245,0
DA:246,0
DA:247,0
DA:248,0
DA:249,0
DA:250,0
DA:251,0
DA:252,0
DA:253,0
DA:254,0
DA:255,0
DA:256,0
DA:257,0
DA:258,0
DA:259,0
DA:260,0
DA:261,0
DA:262,0
DA:263,0
DA:264,0
DA:265,0
DA:266,0
DA:267,0
DA:268,0
DA:269,0
DA:270,0
DA:271,0
DA:272,0
DA:273,0
DA:274,0
DA:275,0
DA:276,0
DA:278,0
DA:279,0
DA:280,0
DA:281,0
DA:282,0
DA:283,0
DA:284,0
DA:285,0
DA:286,0
DA:287,0
DA:288,0
DA:289,0
DA:290,0
DA:291,0
LF:258
LH:0
BRDA:1,0,0,0
BRF:1
BRH:0
end_of_record
TN:
SF:src/services/experiment-service.ts
FN:11,__vite_ssr_import_3__.z.string.min.refine.message
FN:19,__vite_ssr_import_3__.z.string.min.refine.message
FN:71,<instance_members_initializer>
FN:74,ExperimentService
FN:95,assign
FN:106,assignModerationTier
FN:113,pickWeightedForBucket
FN:138,resolveUnderMessagesBundle
FN:148,loadExperiment
FN:227,hashToBucket
FNF:10
FNH:8
FNDA:117,__vite_ssr_import_3__.z.string.min.refine.message
FNDA:0,__vite_ssr_import_3__.z.string.min.refine.message
FNDA:9,<instance_members_initializer>
FNDA:9,ExperimentService
FNDA:1,assign
FNDA:6,assignModerationTier
FNDA:6,pickWeightedForBucket
FNDA:0,resolveUnderMessagesBundle
FNDA:27,loadExperiment
FNDA:6,hashToBucket
DA:1,1
DA:2,1
DA:3,1
DA:4,1
DA:8,1
DA:9,1
DA:10,1
DA:11,1
DA:12,1
DA:13,1
DA:16,1
DA:17,1
DA:18,1
DA:19,1
DA:21,1
DA:22,1
DA:23,1
DA:24,1
DA:25,1
DA:26,1
DA:27,1
DA:28,1
DA:29,1
DA:30,1
DA:31,1
DA:32,1
DA:33,1
DA:34,1
DA:37,1
DA:38,1
DA:41,1
DA:71,1
DA:72,9
DA:74,9
DA:75,9
DA:76,27
DA:77,27
DA:78,0
DA:79,0
DA:80,27
DA:81,27
DA:82,27
DA:83,27
DA:84,27
DA:85,45
DA:86,45
DA:87,45
DA:88,45
DA:89,45
DA:90,27
DA:91,27
DA:92,27
DA:93,9
DA:95,9
DA:96,1
DA:97,1
DA:98,0
DA:99,0
DA:100,1
DA:106,9
DA:107,6
DA:108,6
DA:109,6
DA:110,6
DA:111,6
DA:113,9
DA:114,6
DA:115,6
DA:116,6
DA:117,6
DA:118,6
DA:119,6
DA:120,6
DA:121,6
DA:122,6
DA:123,6
DA:124,6
DA:125,6
DA:126,6
DA:127,6
DA:128,0
DA:129,0
DA:130,0
DA:131,0
DA:132,0
DA:133,0
DA:134,0
DA:135,0
DA:136,6
DA:138,9
DA:139,0
DA:140,0
DA:141,0
DA:142,0
DA:143,0
DA:144,0
DA:145,0
DA:146,0
DA:148,9
DA:149,27
DA:150,27
DA:151,0
DA:152,0
DA:153,27
DA:154,27
DA:156,27
DA:157,27
DA:158,0
DA:159,0
DA:161,27
DA:162,27
DA:163,0
DA:164,0
DA:165,0
DA:166,0
DA:168,27
DA:169,45
DA:170,45
DA:171,0
DA:172,0
DA:173,0
DA:174,0
DA:175,45
DA:176,45
DA:177,0
DA:178,0
DA:179,0
DA:180,0
DA:182,45
DA:183,45
DA:184,0
DA:185,0
DA:186,0
DA:187,0
DA:188,0
DA:189,0
DA:190,0
DA:191,0
DA:192,0
DA:193,0
DA:194,0
DA:195,0
DA:196,0
DA:198,45
DA:199,45
DA:200,18
DA:201,18
DA:202,0
DA:203,0
DA:204,0
DA:205,0
DA:206,18
DA:207,0
DA:208,0
DA:209,0
DA:210,0
DA:212,18
DA:213,0
DA:214,0
DA:215,0
DA:216,0
DA:217,0
DA:218,18
DA:220,45
DA:221,27
DA:223,27
DA:224,27
DA:225,27
DA:227,9
DA:228,6
DA:229,6
DA:230,6
DA:231,9
LF:173
LH:111
BRDA:11,0,0,117
BRDA:71,1,0,9
BRDA:74,2,0,9
BRDA:75,3,0,27
BRDA:77,4,0,0
BRDA:84,5,0,45
BRDA:95,6,0,1
BRDA:97,7,0,0
BRDA:106,8,0,6
BRDA:108,9,0,0
BRDA:113,10,0,6
BRDA:127,11,0,0
BRDA:148,12,0,27
BRDA:150,13,0,0
BRDA:157,14,0,0
BRDA:162,15,0,0
BRDA:162,16,0,0
BRDA:156,17,0,81
BRDA:161,18,0,45
BRDA:161,19,0,0
BRDA:168,20,0,45
BRDA:170,21,0,0
BRDA:176,22,0,0
BRDA:183,23,0,0
BRDA:199,24,0,18
BRDA:201,25,0,0
BRDA:206,26,0,0
BRDA:212,27,0,0
BRDA:223,28,0,45
BRDA:227,29,0,6
BRF:30
BRH:15
end_of_record
TN:
SF:src/services/inbound-message-dedupe.ts
FN:8,<instance_members_initializer>
FN:14,InboundMessageDedupe
FN:20,tryClaim
FN:38,pruneExpired
FN:44,trimArbitrary
FNF:5
FNH:3
FNDA:10,<instance_members_initializer>
FNDA:10,InboundMessageDedupe
FNDA:13,tryClaim
FNDA:0,pruneExpired
FNDA:0,trimArbitrary
DA:5,1
DA:6,1
DA:8,1
DA:9,10
DA:10,10
DA:11,10
DA:12,10
DA:14,10
DA:15,10
DA:16,10
DA:17,10
DA:20,10
DA:21,13
DA:22,13
DA:23,13
DA:24,13
DA:25,3
DA:26,3
DA:27,10
DA:28,10
DA:29,13
DA:30,0
DA:31,0
DA:32,13
DA:33,0
DA:34,0
DA:35,10
DA:36,13
DA:38,10
DA:39,0
DA:40,0
DA:41,0
DA:42,0
DA:44,10
DA:45,0
DA:46,0
DA:47,0
DA:48,0
DA:49,0
DA:50,0
DA:51,0
DA:52,0
DA:53,10
LF:43
LH:27
BRDA:8,0,0,10
BRDA:14,1,0,10
BRDA:15,2,0,1
BRDA:15,3,0,9
BRDA:16,4,0,1
BRDA:20,5,0,13
BRDA:24,6,0,4
BRDA:24,7,0,3
BRDA:26,8,0,10
BRDA:29,9,0,0
BRDA:31,10,0,10
BRDA:32,11,0,0
BRDA:34,12,0,10
BRF:13
BRH:11
end_of_record
TN:
SF:src/services/pending-block-offer-store.ts
FN:20,<instance_members_initializer>
FN:23,create
FN:45,consume
FN:53,pruneExpired
FNF:4
FNH:4
FNDA:12,<instance_members_initializer>
FNDA:4,create
FNDA:5,consume
FNDA:9,pruneExpired
DA:2,1
DA:17,1
DA:20,1
DA:21,12
DA:23,12
DA:24,4
DA:25,4
DA:26,4
DA:27,4
DA:28,4
DA:29,4
DA:30,4
DA:31,4
DA:32,4
DA:33,4
DA:34,4
DA:35,4
DA:36,4
DA:37,4
DA:38,4
DA:39,4
DA:40,4
DA:41,4
DA:42,4
DA:43,4
DA:45,12
DA:46,5
DA:47,5
DA:48,5
DA:49,2
DA:50,2
DA:51,5
DA:53,12
DA:54,9
DA:55,9
DA:56,3
DA:57,3
DA:58,9
DA:59,12
LF:39
LH:39
BRDA:20,0,0,12
BRDA:23,1,0,4
BRDA:45,2,0,5
BRDA:48,3,0,3
BRDA:48,4,0,4
BRDA:48,5,0,3
BRDA:48,6,0,2
BRDA:53,7,0,9
BRDA:55,8,0,3
BRDA:56,9,0,0
BRF:10
BRH:9
end_of_record
TN:
SF:src/services/telegram/format-sender-ref.ts
FN:1,escapeHtml
FN:10,formatSenderRefHtml
FNF:2
FNH:2
FNDA:6,escapeHtml
FNDA:6,formatSenderRefHtml
DA:1,6
DA:2,6
DA:3,6
DA:4,6
DA:5,6
DA:6,6
DA:7,6
DA:10,1
DA:11,6
DA:12,6
DA:13,2
DA:14,2
DA:15,2
DA:16,4
DA:17,4
DA:18,4
LF:16
LH:16
BRDA:1,0,0,6
BRDA:10,1,0,6
BRDA:11,2,0,2
BRDA:12,3,0,2
BRDA:15,4,0,4
BRF:5
BRH:5
end_of_record
TN:
SF:src/services/telegram/gramjs-client.ts
FN:1,(empty-report)
FNF:1
FNH:0
FNDA:0,(empty-report)
DA:1,0
DA:2,0
DA:11,0
DA:14,0
DA:16,0
DA:17,0
DA:18,0
DA:19,0
DA:20,0
DA:21,0
DA:22,0
DA:23,0
DA:24,0
DA:25,0
DA:26,0
DA:27,0
DA:28,0
DA:30,0
DA:31,0
DA:32,0
DA:35,0
DA:36,0
DA:37,0
DA:38,0
DA:39,0
DA:41,0
DA:43,0
DA:44,0
DA:45,0
DA:46,0
DA:47,0
DA:48,0
DA:49,0
DA:50,0
DA:51,0
DA:52,0
DA:53,0
DA:54,0
DA:56,0
DA:57,0
DA:58,0
DA:59,0
DA:60,0
DA:61,0
DA:63,0
DA:64,0
DA:65,0
DA:66,0
DA:67,0
DA:68,0
DA:69,0
DA:70,0
DA:71,0
DA:72,0
DA:73,0
DA:74,0
DA:75,0
DA:76,0
DA:77,0
DA:78,0
LF:60
LH:0
BRDA:1,0,0,0
BRF:1
BRH:0
end_of_record
TN:
SF:src/services/telegram/resolve-outbound-peer.ts
FN:8,resolveOutboundPeer
FN:13,warn
FN:89,resolvePeerFromRecentDialogs
FNF:3
FNH:3
FNDA:6,resolveOutboundPeer
FNDA:4,warn
FNDA:3,resolvePeerFromRecentDialogs
DA:1,1
DA:8,6
DA:9,6
DA:10,6
DA:11,6
DA:12,6
DA:13,6
DA:14,4
DA:15,4
DA:21,6
DA:22,6
DA:29,6
DA:30,2
DA:31,2
DA:32,2
DA:33,1
DA:34,1
DA:35,1
DA:36,1
DA:37,1
DA:38,1
DA:39,1
DA:41,6
DA:42,0
DA:43,0
DA:44,0
DA:45,0
DA:46,0
DA:47,0
DA:48,0
DA:49,0
DA:50,0
DA:52,6
DA:53,0
DA:54,0
DA:55,0
DA:56,0
DA:57,0
DA:58,0
DA:59,0
DA:60,0
DA:61,0
DA:63,6
DA:64,6
DA:65,1
DA:66,1
DA:67,1
DA:68,0
DA:69,0
DA:70,0
DA:71,0
DA:72,0
DA:73,0
DA:74,1
DA:77,3
DA:78,3
DA:79,3
DA:80,3
DA:81,3
DA:82,3
DA:83,3
DA:84,3
DA:86,3
DA:87,3
DA:89,3
DA:90,3
DA:91,3
DA:92,3
DA:93,3
DA:94,0
DA:95,0
DA:96,0
DA:97,0
DA:98,0
DA:99,0
DA:100,0
DA:101,0
LF:77
LH:45
BRDA:8,0,0,6
BRDA:22,1,0,2
BRDA:29,2,0,2
BRDA:32,3,0,1
BRDA:39,4,0,4
BRDA:41,5,0,0
BRDA:50,6,0,4
BRDA:52,7,0,0
BRDA:61,8,0,4
BRDA:63,9,0,1
BRDA:64,10,0,1
BRDA:67,11,0,0
BRDA:74,12,0,3
BRDA:13,13,0,4
BRDA:14,14,0,3
BRDA:89,15,0,3
BRDA:93,16,0,0
BRF:17
BRH:13
end_of_record
TN:
SF:src/use-cases/execute-moderation-action.ts
FN:19,<instance_members_initializer>
FN:20,ExecuteModerationActionUseCase
FN:25,execute
FN:50,executeBlock
FN:95,resolveBlockEntity
FN:114,sendBlockViaBusinessAutomation
FN:144,sendBlockViaMtproto
FN:177,blockContact
FNF:8
FNH:8
FNDA:10,<instance_members_initializer>
FNDA:10,ExecuteModerationActionUseCase
FNDA:4,execute
FNDA:3,executeBlock
FNDA:3,resolveBlockEntity
FNDA:1,sendBlockViaBusinessAutomation
FNDA:2,sendBlockViaMtproto
FNDA:2,blockContact
DA:1,1
DA:4,1
DA:6,1
DA:8,1
DA:19,1
DA:20,10
DA:21,10
DA:22,10
DA:23,10
DA:25,10
DA:26,4
DA:27,4
DA:34,4
DA:35,4
DA:37,3
DA:38,3
DA:39,3
DA:40,3
DA:41,3
DA:42,3
DA:43,3
DA:44,3
DA:45,3
DA:46,3
DA:47,3
DA:48,4
DA:50,10
DA:51,3
DA:52,3
DA:53,0
DA:54,0
DA:55,0
DA:57,3
DA:58,3
DA:59,3
DA:60,3
DA:61,0
DA:63,3
DA:64,3
DA:65,3
DA:67,3
DA:68,1
DA:69,1
DA:70,1
DA:71,1
DA:72,1
DA:73,1
DA:74,1
DA:75,1
DA:76,1
DA:77,1
DA:78,1
DA:79,1
DA:81,2
DA:82,2
DA:84,2
DA:85,2
DA:87,2
DA:88,1
DA:89,1
DA:90,1
DA:92,1
DA:93,3
DA:95,10
DA:96,3
DA:97,3
DA:98,3
DA:99,3
DA:100,3
DA:101,3
DA:102,0
DA:103,3
DA:104,3
DA:105,3
DA:106,0
DA:107,0
DA:108,0
DA:109,0
DA:110,0
DA:111,0
DA:112,3
DA:114,10
DA:115,1
DA:116,1
DA:117,1
DA:118,1
DA:119,1
DA:120,1
DA:121,1
DA:122,1
DA:123,1
DA:124,1
DA:125,1
DA:126,1
DA:127,1
DA:128,1
DA:129,0
DA:130,0
DA:131,0
DA:132,0
DA:133,0
DA:134,0
DA:135,1
DA:136,1
DA:137,1
DA:138,1
DA:139,1
DA:140,1
DA:141,1
DA:142,1
DA:144,10
DA:145,2
DA:146,2
DA:147,2
DA:148,2
DA:149,2
DA:150,2
DA:151,2
DA:152,2
DA:153,2
DA:154,2
DA:155,2
DA:156,2
DA:157,2
DA:158,2
DA:159,2
DA:160,2
DA:161,2
DA:162,2
DA:163,2
DA:164,2
DA:165,2
DA:166,2
DA:167,2
DA:168,2
DA:169,0
DA:170,0
DA:171,0
DA:172,0
DA:173,0
DA:174,0
DA:175,2
DA:177,10
DA:178,2
DA:179,2
DA:180,2
DA:181,2
DA:182,2
DA:183,0
DA:184,0
DA:185,0
DA:187,2
DA:188,2
DA:189,2
DA:190,2
DA:191,2
DA:192,2
DA:193,0
DA:194,0
DA:195,0
DA:196,0
DA:197,0
DA:198,2
DA:199,10
LF:164
LH:133
BRDA:19,0,0,10
BRDA:20,1,0,10
BRDA:25,2,0,4
BRDA:35,3,0,1
BRDA:35,4,0,3
BRDA:40,5,0,3
BRDA:50,6,0,3
BRDA:52,7,0,0
BRDA:60,8,0,0
BRDA:65,9,0,1
BRDA:67,10,0,2
BRDA:67,11,0,1
BRDA:74,12,0,0
BRDA:76,13,0,0
BRDA:82,14,0,0
BRDA:82,15,0,2
BRDA:85,16,0,0
BRDA:85,17,0,2
BRDA:87,18,0,1
BRDA:90,19,0,1
BRDA:95,20,0,3
BRDA:105,21,0,0
BRDA:100,22,0,3
BRDA:101,23,0,0
BRDA:114,24,0,1
BRDA:128,25,0,0
BRDA:120,26,0,1
BRDA:144,27,0,2
BRDA:159,28,0,0
BRDA:168,29,0,0
BRDA:152,30,0,2
BRDA:156,31,0,0
BRDA:177,32,0,2
BRDA:182,33,0,0
BRDA:192,34,0,0
BRDA:188,35,0,2
BRF:36
BRH:22
end_of_record
TN:
SF:src/use-cases/handle-owner-block-callback.ts
FN:16,<instance_members_initializer>
FN:17,HandleOwnerBlockCallbackUseCase
FN:28,execute
FNF:3
FNH:3
FNDA:2,<instance_members_initializer>
FNDA:2,HandleOwnerBlockCallbackUseCase
FNDA:2,execute
DA:7,1
DA:10,1
DA:13,1
DA:14,1
DA:16,1
DA:17,2
DA:18,2
DA:19,2
DA:20,2
DA:21,2
DA:22,2
DA:23,2
DA:24,2
DA:25,2
DA:26,2
DA:28,2
DA:29,2
DA:30,2
DA:32,2
DA:33,2
DA:34,1
DA:35,1
DA:36,1
DA:38,2
DA:39,0
DA:40,0
DA:42,1
DA:43,2
DA:44,0
DA:45,0
DA:46,0
DA:47,0
DA:48,0
DA:49,0
DA:50,0
DA:51,0
DA:52,0
DA:53,0
DA:55,1
DA:56,1
DA:57,1
DA:58,1
DA:59,1
DA:60,1
DA:61,2
DA:62,2
DA:64,2
DA:65,2
DA:66,2
DA:67,2
DA:68,2
DA:69,2
DA:70,2
DA:71,2
DA:72,2
DA:73,2
DA:74,2
DA:76,2
DA:77,1
DA:78,1
DA:79,1
DA:80,1
DA:81,1
DA:82,1
DA:83,1
DA:84,1
DA:85,1
DA:86,1
DA:87,2
DA:89,1
DA:90,1
DA:91,1
DA:92,1
DA:93,1
DA:94,1
DA:95,1
DA:96,1
DA:97,1
DA:98,1
DA:100,1
DA:101,1
DA:102,1
DA:103,1
DA:104,1
DA:105,1
DA:106,1
DA:107,1
DA:108,1
DA:109,1
DA:110,1
DA:111,1
DA:113,1
DA:114,1
DA:115,1
DA:116,1
DA:117,1
DA:119,1
DA:120,2
DA:121,2
DA:122,2
LF:100
LH:88
BRDA:16,0,0,2
BRDA:17,1,0,2
BRDA:28,2,0,2
BRDA:29,3,0,2
BRDA:33,4,0,1
BRDA:38,5,0,0
BRDA:40,6,0,1
BRDA:43,7,0,0
BRDA:53,8,0,1
BRDA:61,9,0,0
BRDA:61,10,0,1
BRDA:72,11,0,0
BRDA:72,12,0,1
BRDA:87,13,0,1
BRDA:76,14,0,1
BRF:15
BRH:11
end_of_record
TN:
SF:src/use-cases/handle-policy.ts
FN:9,<instance_members_initializer>
FN:10,HandlePolicyUseCase
FN:16,execute
FNF:3
FNH:3
FNDA:2,<instance_members_initializer>
FNDA:2,HandlePolicyUseCase
FNDA:2,execute
DA:1,1
DA:5,1
DA:7,1
DA:9,1
DA:10,2
DA:11,2
DA:12,2
DA:13,2
DA:14,2
DA:16,2
DA:17,2
DA:18,2
DA:19,2
DA:20,2
DA:21,2
DA:22,2
DA:23,2
DA:24,1
DA:25,1
DA:26,2
DA:27,1
DA:28,1
DA:29,2
DA:30,0
DA:31,0
DA:32,2
DA:33,0
DA:34,0
DA:35,2
DA:36,0
DA:37,2
DA:39,2
DA:40,2
DA:41,2
DA:42,2
DA:43,1
DA:44,1
DA:45,2
DA:46,2
DA:47,2
LF:40
LH:35
BRDA:9,0,0,2
BRDA:10,1,0,2
BRDA:16,2,0,2
BRDA:18,3,0,2
BRDA:23,4,0,1
BRDA:26,5,0,1
BRDA:29,6,0,0
BRDA:32,7,0,0
BRDA:35,8,0,0
BRDA:42,9,0,1
BRF:10
BRH:7
end_of_record
TN:
SF:src/use-cases/onboarding.ts
FN:1,(empty-report)
FNF:1
FNH:0
FNDA:0,(empty-report)
DA:1,0
DA:2,0
DA:3,0
DA:6,0
DA:11,0
DA:12,0
DA:14,0
DA:16,0
DA:17,0
DA:18,0
DA:19,0
DA:20,0
DA:21,0
DA:22,0
DA:23,0
DA:24,0
DA:25,0
DA:34,0
DA:35,0
DA:37,0
DA:38,0
DA:39,0
DA:40,0
DA:41,0
DA:42,0
DA:43,0
DA:45,0
DA:46,0
DA:47,0
DA:49,0
DA:50,0
DA:51,0
DA:52,0
DA:53,0
DA:55,0
DA:56,0
DA:57,0
DA:58,0
DA:59,0
DA:60,0
DA:62,0
DA:63,0
DA:64,0
DA:66,0
DA:67,0
DA:68,0
DA:69,0
DA:70,0
DA:71,0
DA:73,0
DA:74,0
DA:75,0
DA:76,0
DA:77,0
DA:78,0
DA:79,0
DA:81,0
DA:82,0
DA:83,0
DA:84,0
DA:86,0
DA:87,0
DA:89,0
DA:90,0
DA:91,0
DA:93,0
DA:94,0
DA:95,0
DA:96,0
DA:97,0
DA:98,0
DA:99,0
DA:101,0
DA:102,0
DA:103,0
DA:104,0
DA:105,0
DA:106,0
DA:107,0
DA:108,0
DA:109,0
DA:110,0
DA:111,0
DA:112,0
DA:113,0
DA:114,0
DA:115,0
DA:117,0
DA:118,0
DA:119,0
DA:120,0
DA:121,0
DA:122,0
DA:123,0
DA:125,0
DA:126,0
DA:127,0
DA:128,0
DA:129,0
DA:130,0
DA:131,0
DA:132,0
DA:133,0
DA:134,0
DA:135,0
DA:136,0
DA:137,0
DA:138,0
DA:139,0
DA:140,0
DA:141,0
DA:142,0
DA:143,0
DA:144,0
DA:145,0
DA:146,0
DA:147,0
DA:148,0
DA:149,0
DA:150,0
DA:151,0
DA:152,0
DA:153,0
DA:154,0
DA:155,0
DA:156,0
DA:157,0
DA:159,0
DA:160,0
DA:161,0
DA:162,0
DA:163,0
DA:164,0
DA:165,0
DA:166,0
DA:167,0
DA:170,0
DA:171,0
DA:172,0
DA:173,0
DA:174,0
DA:175,0
DA:176,0
DA:177,0
DA:178,0
DA:179,0
DA:180,0
DA:181,0
DA:182,0
DA:183,0
DA:184,0
DA:185,0
DA:186,0
DA:187,0
LF:154
LH:0
BRDA:1,0,0,0
BRF:1
BRH:0
end_of_record
TN:
SF:src/use-cases/process-incoming-message.ts
FN:29,<instance_members_initializer>
FN:32,ProcessIncomingMessageUseCase
FN:46,execute
FN:50,telegram.chat_id
FN:60,executeModeration
FN:191,assignTierExperiment
FN:201,handleWarningTier
FN:245,queueBlockAction
FN:301,usesBusinessAutomationReply
FN:305,businessReplyInput
FN:314,getReplyInputPeer
FN:318,sendReply
FN:327,sendReplyToIncoming
FN:361,sendFirstMessageReply
FN:430,buildReplyHtml
FN:434,substituteSessionUsernameHtml
FN:439,getSessionUsernameLabel
FN:471,escapeHtml
FNF:18
FNH:16
FNDA:7,<instance_members_initializer>
FNDA:7,ProcessIncomingMessageUseCase
FNDA:8,execute
FNDA:8,telegram.chat_id
FNDA:8,executeModeration
FNDA:4,assignTierExperiment
FNDA:3,handleWarningTier
FNDA:1,queueBlockAction
FNDA:8,usesBusinessAutomationReply
FNDA:2,businessReplyInput
FNDA:0,getReplyInputPeer
FNDA:0,sendReply
FNDA:1,sendReplyToIncoming
FNDA:3,sendFirstMessageReply
FNDA:4,buildReplyHtml
FNDA:4,substituteSessionUsernameHtml
FNDA:4,getSessionUsernameLabel
FNDA:4,escapeHtml
DA:7,1
DA:10,1
DA:11,1
DA:17,1
DA:19,1
DA:20,1
DA:22,1
DA:23,1
DA:25,1
DA:26,1
DA:27,1
DA:29,1
DA:30,7
DA:32,7
DA:33,7
DA:34,7
DA:35,7
DA:36,7
DA:37,7
DA:38,7
DA:39,7
DA:40,7
DA:41,7
DA:42,7
DA:43,7
DA:44,7
DA:46,7
DA:47,8
DA:48,8
DA:49,8
DA:50,8
DA:51,8
DA:52,8
DA:53,8
DA:54,8
DA:55,8
DA:56,8
DA:57,8
DA:58,8
DA:60,7
DA:61,8
DA:62,1
DA:63,1
DA:64,1
DA:65,1
DA:66,1
DA:67,1
DA:68,1
DA:69,1
DA:70,1
DA:71,1
DA:72,1
DA:73,1
DA:75,8
DA:76,1
DA:77,1
DA:78,1
DA:79,1
DA:80,1
DA:81,1
DA:82,1
DA:83,1
DA:84,1
DA:85,1
DA:86,1
DA:87,1
DA:89,6
DA:90,8
DA:91,6
DA:92,6
DA:93,6
DA:94,6
DA:95,1
DA:96,1
DA:97,1
DA:98,1
DA:99,1
DA:100,1
DA:101,1
DA:102,1
DA:103,1
DA:104,1
DA:105,1
DA:106,1
DA:107,1
DA:108,1
DA:109,6
DA:111,5
DA:112,8
DA:113,1
DA:114,1
DA:115,1
DA:116,1
DA:117,1
DA:118,1
DA:119,1
DA:120,1
DA:121,1
DA:122,1
DA:123,1
DA:124,1
DA:125,1
DA:126,1
DA:127,1
DA:128,1
DA:129,1
DA:130,1
DA:131,1
DA:132,1
DA:133,1
DA:134,1
DA:135,1
DA:136,1
DA:137,1
DA:138,1
DA:140,4
DA:141,4
DA:142,4
DA:143,4
DA:145,4
DA:146,4
DA:147,4
DA:149,4
DA:151,4
DA:152,4
DA:153,4
DA:154,4
DA:155,4
DA:156,4
DA:157,4
DA:159,4
DA:160,4
DA:161,4
DA:162,4
DA:164,4
DA:166,4
DA:167,4
DA:168,4
DA:169,4
DA:170,4
DA:171,4
DA:173,4
DA:174,4
DA:175,4
DA:176,4
DA:177,4
DA:178,4
DA:179,4
DA:180,4
DA:181,4
DA:183,8
DA:184,3
DA:185,3
DA:186,3
DA:188,1
DA:189,8
DA:191,7
DA:192,4
DA:193,2
DA:194,2
DA:195,4
DA:196,1
DA:197,1
DA:198,1
DA:199,4
DA:201,7
DA:202,3
DA:203,3
DA:204,3
DA:205,3
DA:206,3
DA:207,3
DA:208,3
DA:209,3
DA:210,3
DA:211,3
DA:212,3
DA:213,3
DA:214,3
DA:215,3
DA:216,3
DA:217,3
DA:218,3
DA:219,3
DA:220,3
DA:221,3
DA:222,3
DA:223,3
DA:224,3
DA:225,3
DA:226,3
DA:227,3
DA:228,3
DA:229,3
DA:230,3
DA:231,3
DA:232,3
DA:233,3
DA:235,3
DA:236,0
DA:237,0
DA:238,0
DA:239,0
DA:240,0
DA:241,0
DA:242,0
DA:243,3
DA:245,7
DA:246,1
DA:247,1
DA:248,1
DA:249,1
DA:250,1
DA:251,1
DA:252,1
DA:253,1
DA:254,1
DA:255,1
DA:257,1
DA:258,1
DA:259,1
DA:260,1
DA:261,1
DA:262,1
DA:263,1
DA:264,1
DA:265,1
DA:266,1
DA:267,1
DA:268,1
DA:269,1
DA:270,1
DA:271,1
DA:272,1
DA:273,1
DA:274,1
DA:275,0
DA:276,0
DA:277,1
DA:278,1
DA:279,1
DA:280,1
DA:281,1
DA:282,1
DA:283,1
DA:284,1
DA:285,1
DA:286,1
DA:287,1
DA:288,0
DA:289,0
DA:290,1
DA:291,1
DA:293,1
DA:294,1
DA:295,1
DA:296,1
DA:297,1
DA:298,1
DA:299,1
DA:301,7
DA:302,8
DA:303,8
DA:305,7
DA:306,2
DA:307,2
DA:308,2
DA:309,2
DA:310,2
DA:311,2
DA:312,2
DA:314,7
DA:315,0
DA:316,0
DA:318,7
DA:319,0
DA:320,0
DA:321,0
DA:322,0
DA:323,0
DA:324,0
DA:325,0
DA:327,7
DA:328,1
DA:329,1
DA:330,1
DA:331,0
DA:332,0
DA:333,1
DA:334,1
DA:336,0
DA:337,0
DA:338,0
DA:339,0
DA:340,0
DA:341,0
DA:342,0
DA:343,0
DA:345,0
DA:346,0
DA:347,0
DA:348,0
DA:349,0
DA:350,0
DA:351,0
DA:352,0
DA:353,0
DA:354,0
DA:355,0
DA:356,0
DA:357,0
DA:358,0
DA:359,1
DA:361,7
DA:362,3
DA:363,3
DA:364,3
DA:365,3
DA:366,3
DA:367,2
DA:368,1
DA:369,1
DA:370,1
DA:371,1
DA:372,1
DA:373,0
DA:374,0
DA:375,0
DA:376,0
DA:377,0
DA:378,1
DA:379,1
DA:380,1
DA:381,1
DA:382,1
DA:384,1
DA:385,1
DA:386,1
DA:387,1
DA:388,1
DA:389,1
DA:390,1
DA:391,1
DA:393,0
DA:394,0
DA:395,0
DA:396,0
DA:397,0
DA:398,0
DA:399,0
DA:400,0
DA:401,0
DA:402,0
DA:403,0
DA:404,0
DA:405,0
DA:406,0
DA:407,0
DA:408,0
DA:409,0
DA:410,0
DA:411,0
DA:413,0
DA:414,0
DA:415,0
DA:416,0
DA:417,0
DA:418,0
DA:419,0
DA:420,0
DA:421,0
DA:422,0
DA:423,0
DA:424,0
DA:425,0
DA:426,0
DA:427,0
DA:428,3
DA:430,7
DA:431,4
DA:432,4
DA:434,7
DA:435,4
DA:436,4
DA:437,4
DA:439,7
DA:440,4
DA:441,4
DA:442,0
DA:443,0
DA:445,4
DA:446,2
DA:447,2
DA:449,2
DA:450,4
DA:452,1
DA:453,4
DA:455,1
DA:456,1
DA:457,0
DA:458,0
DA:459,0
DA:460,0
DA:461,4
DA:462,4
DA:463,4
DA:464,1
DA:465,1
DA:466,1
DA:467,1
DA:468,1
DA:469,4
DA:471,7
DA:472,4
DA:473,4
DA:474,4
DA:475,4
DA:476,4
DA:477,4
DA:478,7
LF:420
LH:331
BRDA:29,0,0,7
BRDA:32,1,0,7
BRDA:46,2,0,8
BRDA:55,3,0,5
BRDA:50,4,0,8
BRDA:60,5,0,8
BRDA:61,6,0,1
BRDA:73,7,0,7
BRDA:75,8,0,3
BRDA:75,9,0,1
BRDA:87,10,0,6
BRDA:90,11,0,6
BRDA:94,12,0,1
BRDA:109,13,0,5
BRDA:112,14,0,1
BRDA:138,15,0,4
BRDA:183,16,0,2
BRDA:183,17,0,3
BRDA:186,18,0,1
BRDA:91,19,0,6
BRDA:145,20,0,4
BRDA:159,21,0,4
BRDA:191,22,0,4
BRDA:192,23,0,2
BRDA:195,24,0,1
BRDA:201,25,0,3
BRDA:219,26,0,2
BRDA:219,27,0,1
BRDA:235,28,0,2
BRDA:235,29,0,0
BRDA:209,30,0,3
BRDA:245,31,0,1
BRDA:257,32,0,1
BRDA:258,33,0,1
BRDA:274,34,0,0
BRDA:287,35,0,0
BRDA:287,36,0,0
BRDA:301,37,0,8
BRDA:302,38,0,5
BRDA:305,39,0,2
BRDA:327,40,0,1
BRDA:330,41,0,0
BRDA:334,42,0,0
BRDA:361,43,0,3
BRDA:366,44,0,2
BRDA:367,45,0,1
BRDA:372,46,0,0
BRDA:382,47,0,1
BRDA:391,48,0,0
BRDA:430,49,0,4
BRDA:434,50,0,4
BRDA:439,51,0,4
BRDA:440,52,0,0
BRDA:441,53,0,0
BRDA:445,54,0,2
BRDA:450,55,0,1
BRDA:453,56,0,0
BRDA:453,57,0,1
BRDA:456,58,0,0
BRDA:458,59,0,0
BRDA:459,60,0,0
BRDA:463,61,0,1
BRDA:471,62,0,4
BRF:63
BRH:49
end_of_record
TN:
SF:src/use-cases/send-prior-block-owner-prompt.ts
FN:12,<instance_members_initializer>
FN:13,SendPriorBlockOwnerPromptUseCase
FN:20,execute
FNF:3
FNH:3
FNDA:8,<instance_members_initializer>
FNDA:8,SendPriorBlockOwnerPromptUseCase
FNDA:1,execute
DA:4,1
DA:8,1
DA:10,1
DA:12,1
DA:13,8
DA:14,8
DA:15,8
DA:16,8
DA:17,8
DA:18,8
DA:20,8
DA:21,1
DA:22,1
DA:23,1
DA:24,1
DA:25,1
DA:26,1
DA:27,1
DA:28,1
DA:29,1
DA:31,1
DA:33,1
DA:34,1
DA:35,1
DA:36,1
DA:37,1
DA:39,1
DA:40,1
DA:41,1
DA:44,1
DA:45,1
DA:46,1
DA:47,1
DA:48,1
DA:49,1
DA:51,1
DA:52,1
DA:53,1
DA:54,1
DA:55,1
DA:56,1
DA:57,1
DA:58,1
DA:59,1
DA:60,1
DA:61,1
DA:62,1
DA:63,1
DA:64,1
DA:65,1
DA:66,8
LF:51
LH:51
BRDA:12,0,0,8
BRDA:13,1,0,8
BRDA:20,2,0,1
BRDA:24,3,0,1
BRF:4
BRH:4
end_of_record
TN:
SF:src/use-cases/toggle-moderation.ts
FN:6,<instance_members_initializer>
FN:7,ToggleModerationUseCase
FN:14,execute
FNF:3
FNH:3
FNDA:2,<instance_members_initializer>
FNDA:2,ToggleModerationUseCase
FNDA:2,execute
DA:6,1
DA:7,2
DA:8,2
DA:9,2
DA:10,2
DA:11,2
DA:12,2
DA:14,2
DA:15,2
DA:16,2
DA:17,1
DA:18,1
DA:19,1
DA:20,1
DA:21,1
DA:22,1
DA:24,1
DA:25,1
DA:26,1
DA:27,1
DA:28,1
DA:29,1
DA:30,2
DA:31,2
DA:32,2
DA:33,2
LF:26
LH:26
BRDA:6,0,0,2
BRDA:7,1,0,2
BRDA:14,2,0,2
BRDA:16,3,0,1
BRDA:30,4,0,0
BRDA:30,5,0,1
BRDA:31,6,0,1
BRF:7
BRH:6
end_of_record
TN:
SF:src/utils/analytics.ts
FN:4,trackEvent
FNF:1
FNH:1
FNDA:1,trackEvent
DA:1,1
DA:3,1
DA:4,1
DA:5,1
DA:6,1
DA:7,1
LF:6
LH:6
BRDA:4,0,0,1
BRF:1
BRH:1
end_of_record
TN:
SF:src/utils/env.ts
FN:1,(empty-report)
FNF:1
FNH:0
FNDA:0,(empty-report)
DA:1,0
DA:2,0
DA:3,0
DA:4,0
DA:5,0
DA:7,0
DA:8,0
DA:12,0
DA:13,0
DA:14,0
DA:15,0
DA:16,0
DA:17,0
DA:18,0
DA:19,0
DA:21,0
DA:22,0
DA:23,0
DA:24,0
DA:25,0
DA:26,0
DA:27,0
DA:28,0
DA:30,0
DA:31,0
DA:32,0
DA:33,0
DA:34,0
DA:35,0
DA:36,0
DA:37,0
DA:38,0
DA:39,0
DA:40,0
DA:41,0
DA:42,0
DA:43,0
DA:44,0
DA:45,0
DA:46,0
DA:47,0
DA:48,0
DA:49,0
DA:50,0
DA:51,0
DA:52,0
DA:53,0
DA:57,0
DA:59,0
DA:60,0
DA:61,0
DA:62,0
DA:63,0
DA:64,0
DA:65,0
DA:66,0
DA:68,0
DA:69,0
DA:70,0
DA:71,0
DA:72,0
DA:73,0
DA:75,0
DA:76,0
DA:77,0
DA:78,0
DA:79,0
DA:81,0
DA:82,0
DA:83,0
DA:84,0
DA:85,0
DA:87,0
DA:88,0
DA:89,0
DA:91,0
DA:92,0
DA:93,0
DA:94,0
DA:95,0
DA:96,0
DA:98,0
DA:99,0
DA:100,0
DA:101,0
DA:102,0
DA:103,0
DA:105,0
DA:106,0
DA:107,0
DA:108,0
DA:109,0
DA:111,0
DA:112,0
DA:113,0
DA:114,0
DA:115,0
DA:116,0
DA:118,0
DA:119,0
DA:120,0
DA:121,0
DA:122,0
DA:123,0
DA:124,0
DA:125,0
DA:126,0
DA:127,0
DA:128,0
DA:129,0
DA:131,0
DA:132,0
DA:134,0
DA:135,0
DA:137,0
DA:138,0
DA:139,0
DA:140,0
DA:141,0
DA:142,0
DA:143,0
DA:144,0
DA:145,0
DA:146,0
DA:147,0
DA:148,0
DA:149,0
DA:150,0
DA:151,0
DA:152,0
DA:154,0
DA:155,0
DA:156,0
LF:133
LH:0
BRDA:1,0,0,0
BRF:1
BRH:0
end_of_record
TN:
SF:src/utils/html-to-plain-text.ts
FN:36,isAsciiLetterOrDigit
FN:41,isWhitespace
FN:45,parseTagAt
FN:68,replaceAnchorTags
FN:100,extractHref
FN:119,replaceBrTags
FN:144,applyStructuralTags
FN:172,stripTags
FN:192,collapseWhitespace
FN:221,htmlToPlainText
FNF:10
FNH:10
FNDA:30,isAsciiLetterOrDigit
FNDA:1,isWhitespace
FNDA:11,parseTagAt
FNDA:5,replaceAnchorTags
FNDA:1,extractHref
FNDA:5,replaceBrTags
FNDA:5,applyStructuralTags
FNDA:5,stripTags
FNDA:5,collapseWhitespace
FNDA:5,htmlToPlainText
DA:2,1
DA:4,1
DA:5,1
DA:6,1
DA:7,1
DA:8,1
DA:9,1
DA:10,1
DA:11,1
DA:12,1
DA:13,1
DA:14,1
DA:15,1
DA:16,1
DA:17,1
DA:18,1
DA:19,1
DA:20,1
DA:21,1
DA:22,1
DA:23,1
DA:24,1
DA:25,1
DA:26,1
DA:27,1
DA:28,1
DA:29,1
DA:30,1
DA:31,1
DA:32,1
DA:36,30
DA:37,30
DA:38,30
DA:39,30
DA:41,1
DA:42,1
DA:43,1
DA:45,11
DA:46,11
DA:48,11
DA:49,11
DA:51,11
DA:52,11
DA:53,5
DA:54,5
DA:55,5
DA:57,11
DA:58,11
DA:59,11
DA:61,11
DA:62,11
DA:63,11
DA:65,11
DA:66,11
DA:68,5
DA:69,5
DA:70,5
DA:71,5
DA:73,5
DA:74,20084
DA:75,20084
DA:76,2
DA:77,20084
DA:78,2
DA:79,2
DA:80,2
DA:81,1
DA:82,1
DA:83,1
DA:84,1
DA:86,1
DA:87,1
DA:88,2
DA:89,2
DA:90,2
DA:91,2
DA:93,20082
DA:94,20082
DA:95,20082
DA:97,5
DA:98,5
DA:100,1
DA:101,1
DA:102,1
DA:103,1
DA:105,1
DA:106,1
DA:108,1
DA:109,1
DA:111,1
DA:112,1
DA:113,1
DA:114,1
DA:116,1
DA:117,1
DA:119,5
DA:120,5
DA:121,5
DA:122,5
DA:124,5
DA:125,20105
DA:126,0
DA:127,0
DA:128,0
DA:129,0
DA:130,0
DA:131,0
DA:132,0
DA:133,0
DA:134,0
DA:135,0
DA:137,20105
DA:138,20105
DA:139,20105
DA:141,5
DA:142,5
DA:144,5
DA:145,5
DA:146,5
DA:148,5
DA:149,10064
DA:150,11
DA:151,11
DA:152,11
DA:153,4
DA:154,11
DA:155,2
DA:156,7
DA:157,2
DA:158,2
DA:159,11
DA:160,11
DA:161,11
DA:162,11
DA:163,11
DA:165,10053
DA:166,10053
DA:167,10053
DA:169,5
DA:170,5
DA:172,5
DA:173,5
DA:174,5
DA:175,5
DA:177,5
DA:178,20115
DA:179,20115
DA:180,11
DA:181,20115
DA:182,11
DA:183,20104
DA:184,10063
DA:185,10063
DA:186,20115
DA:187,20115
DA:189,5
DA:190,5
DA:192,5
DA:193,5
DA:194,5
DA:196,5
DA:197,10050
DA:198,0
DA:199,0
DA:200,0
DA:202,10050
DA:203,6
DA:204,6
DA:205,6
DA:206,4
DA:207,4
DA:208,4
DA:209,6
DA:210,6
DA:211,6
DA:212,6
DA:214,10044
DA:215,10044
DA:216,10044
DA:218,5
DA:219,5
DA:221,1
DA:222,5
DA:224,5
DA:225,5
DA:226,5
DA:227,5
DA:228,5
DA:229,5
DA:230,5
DA:231,5
DA:232,5
DA:233,5
DA:234,5
DA:235,5
DA:236,5
DA:238,5
DA:239,5
LF:198
LH:185
BRDA:36,0,0,30
BRDA:38,1,0,27
BRDA:38,2,0,17
BRDA:38,3,0,17
BRDA:41,4,0,1
BRDA:45,5,0,11
BRDA:46,6,0,0
BRDA:49,7,0,0
BRDA:52,8,0,5
BRDA:58,9,0,28
BRDA:58,10,0,17
BRDA:59,11,0,0
BRDA:62,12,0,10019
BRDA:62,13,0,10008
BRDA:63,14,0,0
BRDA:68,15,0,5
BRDA:73,16,0,20084
BRDA:75,17,0,2
BRDA:77,18,0,2
BRDA:80,19,0,1
BRDA:80,20,0,1
BRDA:88,21,0,0
BRDA:91,22,0,20082
BRDA:100,23,0,1
BRDA:103,24,0,0
BRDA:106,25,0,0
BRDA:109,26,0,0
BRDA:109,27,0,0
BRDA:113,28,0,15
BRDA:113,29,0,14
BRDA:114,30,0,0
BRDA:119,31,0,5
BRDA:124,32,0,20105
BRDA:125,33,0,0
BRDA:144,34,0,5
BRDA:148,35,0,10064
BRDA:149,36,0,11
BRDA:152,37,0,5
BRDA:152,38,0,4
BRDA:154,39,0,7
BRDA:154,40,0,6
BRDA:154,41,0,2
BRDA:156,42,0,5
BRDA:156,43,0,4
BRDA:156,44,0,2
BRDA:163,45,0,10053
BRDA:172,46,0,5
BRDA:177,47,0,20115
BRDA:179,48,0,11
BRDA:181,49,0,20104
BRDA:181,50,0,11
BRDA:183,51,0,20093
BRDA:183,52,0,10063
BRDA:192,53,0,5
BRDA:196,54,0,10050
BRDA:197,55,0,10045
BRDA:197,56,0,5
BRDA:197,57,0,5
BRDA:197,58,0,0
BRDA:202,59,0,6
BRDA:205,60,0,8
BRDA:205,61,0,4
BRDA:209,62,0,1
BRDA:209,63,0,5
BRDA:212,64,0,10044
BRDA:221,65,0,5
BRDA:222,66,0,0
BRF:67
BRH:54
end_of_record
TN:
SF:src/utils/logger.ts
FN:13,minLevelRank
FN:18,<instance_members_initializer>
FN:21,Logger
FN:25,shouldLog
FN:29,log
FN:41,info
FN:45,warn
FN:49,error
FN:53,debug
FNF:9
FNH:7
FNDA:1,minLevelRank
FNDA:1,<instance_members_initializer>
FNDA:1,Logger
FNDA:2,shouldLog
FNDA:2,log
FNDA:1,info
FNDA:1,warn
FNDA:0,error
FNDA:0,debug
DA:1,1
DA:6,1
DA:7,1
DA:8,1
DA:9,1
DA:10,1
DA:11,1
DA:13,1
DA:14,1
DA:15,1
DA:16,1
DA:18,1
DA:19,1
DA:21,1
DA:22,1
DA:23,1
DA:25,1
DA:26,2
DA:27,2
DA:29,1
DA:30,2
DA:31,1
DA:32,1
DA:33,1
DA:34,1
DA:35,1
DA:36,1
DA:38,1
DA:39,2
DA:41,1
DA:42,1
DA:43,1
DA:45,1
DA:46,1
DA:47,1
DA:49,1
DA:50,0
DA:51,0
DA:53,1
DA:54,0
DA:55,0
DA:56,1
LF:42
LH:38
BRDA:13,0,0,1
BRDA:15,1,0,0
BRDA:18,2,0,1
BRDA:21,3,0,1
BRDA:25,4,0,2
BRDA:29,5,0,2
BRDA:30,6,0,1
BRDA:41,7,0,1
BRDA:45,8,0,1
BRF:9
BRH:8
end_of_record
TN:
SF:src/utils/moderation-tier.ts
FN:5,moderationTierForCount
FN:11,decisionForTier
FNF:2
FNH:2
FNDA:8,moderationTierForCount
FNDA:7,decisionForTier
DA:5,1
DA:6,8
DA:7,8
DA:8,3
DA:9,3
DA:11,1
DA:12,7
DA:13,2
DA:14,2
DA:15,5
DA:16,2
DA:17,2
DA:18,3
DA:19,3
LF:14
LH:14
BRDA:5,0,0,8
BRDA:6,1,0,6
BRDA:6,2,0,3
BRDA:6,3,0,5
BRDA:7,4,0,5
BRDA:7,5,0,2
BRDA:7,6,0,3
BRDA:11,7,0,7
BRDA:12,8,0,2
BRDA:14,9,0,5
BRDA:15,10,0,2
BRDA:17,11,0,3
BRF:12
BRH:12
end_of_record
TN:
SF:src/utils/telemetry.ts
FN:42,otlpEndpoint
FN:48,otlpUrl
FN:53,deploymentEnvironment
FN:57,telemetryEnabled
FN:61,initTelemetry
FN:113,shutdownTelemetry
FN:122,getTracer
FN:126,getMeter
FN:131,attrProps
FN:140,setSpanAttributes
FN:151,withSpan
FN:173,withRootSpan
FN:182,recordAnalyticsMetric
FN:187,recordAnalyticsEvent
FNF:14
FNH:3
FNDA:0,otlpEndpoint
FNDA:0,otlpUrl
FNDA:0,deploymentEnvironment
FNDA:0,telemetryEnabled
FNDA:0,initTelemetry
FNDA:0,shutdownTelemetry
FNDA:8,getTracer
FNDA:0,getMeter
FNDA:0,attrProps
FNDA:26,setSpanAttributes
FNDA:43,withSpan
FNDA:0,withRootSpan
FNDA:0,recordAnalyticsMetric
FNDA:0,recordAnalyticsEvent
DA:9,1
DA:10,1
DA:21,1
DA:22,1
DA:23,1
DA:24,1
DA:25,1
DA:26,1
DA:27,1
DA:28,1
DA:32,1
DA:34,1
DA:35,1
DA:37,1
DA:38,1
DA:39,1
DA:40,1
DA:42,0
DA:43,0
DA:44,0
DA:45,0
DA:46,0
DA:48,0
DA:49,0
DA:50,0
DA:51,0
DA:53,0
DA:54,0
DA:55,0
DA:57,1
DA:58,0
DA:59,0
DA:61,0
DA:62,0
DA:63,0
DA:65,0
DA:66,0
DA:68,0
DA:69,0
DA:70,0
DA:71,0
DA:72,0
DA:74,0
DA:75,0
DA:76,0
DA:77,0
DA:78,0
DA:79,0
DA:80,0
DA:82,0
DA:83,0
DA:84,0
DA:85,0
DA:86,0
DA:87,0
DA:88,0
DA:89,0
DA:90,0
DA:92,0
DA:94,0
DA:95,0
DA:96,0
DA:97,0
DA:98,0
DA:100,0
DA:101,0
DA:102,0
DA:103,0
DA:104,0
DA:105,0
DA:106,0
DA:107,0
DA:108,0
DA:109,0
DA:110,0
DA:111,0
DA:113,0
DA:114,0
DA:115,0
DA:116,0
DA:117,0
DA:118,0
DA:119,0
DA:120,0
DA:122,1
DA:123,8
DA:124,8
DA:126,1
DA:127,0
DA:128,0
DA:131,0
DA:132,0
DA:133,0
DA:134,0
DA:135,0
DA:136,0
DA:137,0
DA:138,0
DA:140,1
DA:141,26
DA:142,71
DA:143,71
DA:144,71
DA:145,71
DA:146,0
DA:147,0
DA:148,71
DA:149,26
DA:151,43
DA:152,43
DA:153,43
DA:154,43
DA:155,43
DA:156,43
DA:157,43
DA:158,43
DA:159,43
DA:160,43
DA:161,43
DA:162,0
DA:163,0
DA:164,0
DA:165,0
DA:166,0
DA:167,43
DA:168,43
DA:169,43
DA:170,43
DA:173,0
DA:174,0
DA:175,0
DA:176,0
DA:177,0
DA:178,0
DA:179,0
DA:180,0
DA:182,1
DA:183,0
DA:184,0
DA:185,0
DA:187,1
DA:188,0
DA:189,0
DA:191,0
DA:192,0
DA:193,0
DA:194,0
DA:195,0
DA:196,0
DA:197,0
DA:198,0
DA:199,0
DA:200,0
DA:201,0
LF:154
LH:47
BRDA:122,0,0,8
BRDA:140,1,0,26
BRDA:141,2,0,71
BRDA:142,3,0,0
BRDA:143,4,0,14
BRDA:143,5,0,2
BRDA:145,6,0,0
BRDA:151,7,0,43
BRDA:157,8,0,43
BRDA:158,9,0,8
BRDA:161,10,0,0
BRF:11
BRH:8
end_of_record
TN:
SF:src/utils/db/database.ts
FN:1,(empty-report)
FNF:1
FNH:0
FNDA:0,(empty-report)
DA:1,0
DA:3,0
DA:4,0
DA:6,0
DA:7,0
DA:9,0
DA:10,0
DA:11,0
DA:12,0
DA:13,0
DA:14,0
DA:15,0
DA:16,0
DA:17,0
DA:18,0
DA:19,0
DA:20,0
DA:21,0
DA:22,0
DA:23,0
DA:24,0
DA:26,0
DA:27,0
DA:28,0
DA:29,0
DA:30,0
DA:31,0
DA:33,0
DA:34,0
DA:35,0
DA:36,0
DA:37,0
DA:38,0
DA:39,0
DA:40,0
DA:41,0
DA:42,0
DA:44,0
DA:45,0
DA:46,0
DA:47,0
DA:48,0
DA:50,0
DA:51,0
DA:52,0
DA:53,0
DA:55,0
DA:56,0
DA:57,0
DA:58,0
DA:59,0
DA:60,0
DA:61,0
DA:63,0
DA:64,0
DA:65,0
DA:66,0
LF:57
LH:0
BRDA:1,0,0,0
BRF:1
BRH:0
end_of_record
TN:
SF:src/utils/db/queue.ts
FN:18,<instance_members_initializer>
FN:25,DeferredWriteQueue
FN:34,enqueue
FN:42,enqueueFireAndForget
FN:48,getDlq
FN:52,kick
FN:58,processLoop
FN:72,executeTask
FN:104,sleep
FN:110,asError
FNF:10
FNH:10
FNDA:4,<instance_members_initializer>
FNDA:4,DeferredWriteQueue
FNDA:6,enqueue
FNDA:1,enqueueFireAndForget
FNDA:1,getDlq
FNDA:6,kick
FNDA:4,processLoop
FNDA:7,executeTask
FNDA:1,sleep
FNDA:1,asError
DA:18,1
DA:19,4
DA:20,4
DA:21,4
DA:22,4
DA:23,4
DA:25,4
DA:26,4
DA:27,4
DA:28,4
DA:29,4
DA:30,4
DA:31,4
DA:34,4
DA:35,6
DA:36,6
DA:37,6
DA:38,6
DA:39,6
DA:42,4
DA:43,1
DA:44,0
DA:45,1
DA:46,1
DA:48,4
DA:49,1
DA:50,1
DA:52,4
DA:53,6
DA:54,4
DA:55,4
DA:56,6
DA:58,4
DA:59,4
DA:60,7
DA:61,7
DA:62,0
DA:63,0
DA:65,7
DA:66,7
DA:67,7
DA:68,7
DA:69,4
DA:70,4
DA:72,4
DA:73,7
DA:74,7
DA:75,5
DA:76,5
DA:77,5
DA:78,7
DA:79,2
DA:80,2
DA:82,2
DA:83,0
DA:84,0
DA:86,2
DA:87,1
DA:88,1
DA:89,1
DA:90,1
DA:91,1
DA:92,1
DA:93,1
DA:94,1
DA:95,1
DA:96,1
DA:98,1
DA:99,1
DA:100,1
DA:101,1
DA:102,7
DA:104,4
DA:105,1
DA:106,1
DA:107,1
DA:108,1
DA:110,4
DA:111,1
DA:112,0
DA:113,1
DA:114,4
LF:82
LH:76
BRDA:18,0,0,4
BRDA:25,1,0,4
BRDA:34,2,0,6
BRDA:35,3,0,6
BRDA:42,4,0,1
BRDA:48,5,0,1
BRDA:52,6,0,6
BRDA:53,7,0,2
BRDA:53,8,0,4
BRDA:58,9,0,4
BRDA:59,10,0,7
BRDA:61,11,0,0
BRDA:66,12,0,0
BRDA:72,13,0,7
BRDA:74,14,0,5
BRDA:78,15,0,2
BRDA:82,16,0,0
BRDA:86,17,0,1
BRDA:104,18,0,1
BRDA:105,19,0,1
BRDA:110,20,0,1
BRDA:111,21,0,0
BRF:22
BRH:18
end_of_record
TN:
SF:src/utils/db/root.ts
FN:1,(empty-report)
FNF:1
FNH:0
FNDA:0,(empty-report)
DA:1,0
DA:2,0
DA:10,0
DA:11,0
DA:12,0
DA:13,0
DA:16,0
DA:17,0
DA:19,0
DA:20,0
DA:21,0
DA:23,0
DA:24,0
DA:25,0
DA:27,0
DA:28,0
DA:29,0
DA:32,0
DA:33,0
DA:34,0
DA:36,0
DA:37,0
DA:38,0
DA:39,0
DA:40,0
DA:46,0
DA:47,0
DA:48,0
DA:49,0
DA:50,0
DA:51,0
DA:52,0
DA:53,0
DA:54,0
DA:61,0
DA:62,0
DA:64,0
DA:65,0
DA:66,0
DA:67,0
DA:68,0
DA:69,0
DA:70,0
DA:71,0
DA:72,0
DA:73,0
DA:74,0
DA:75,0
DA:76,0
DA:77,0
DA:81,0
DA:82,0
DA:83,0
DA:84,0
DA:85,0
DA:86,0
DA:87,0
DA:88,0
DA:89,0
DA:90,0
DA:91,0
DA:92,0
DA:93,0
DA:94,0
DA:101,0
DA:102,0
DA:111,0
DA:112,0
DA:113,0
DA:114,0
DA:115,0
DA:116,0
DA:117,0
DA:118,0
DA:119,0
DA:120,0
DA:124,0
DA:125,0
DA:126,0
DA:127,0
DA:128,0
DA:129,0
DA:130,0
DA:131,0
DA:132,0
DA:134,0
DA:135,0
DA:136,0
DA:137,0
DA:138,0
DA:139,0
DA:140,0
DA:141,0
DA:142,0
DA:143,0
DA:144,0
DA:145,0
DA:146,0
DA:147,0
DA:148,0
DA:149,0
DA:150,0
DA:151,0
DA:152,0
DA:153,0
DA:155,0
DA:156,0
DA:157,0
DA:158,0
DA:160,0
DA:161,0
DA:163,0
DA:164,0
DA:165,0
DA:166,0
DA:167,0
DA:169,0
DA:170,0
DA:171,0
DA:173,0
DA:174,0
DA:175,0
DA:176,0
DA:177,0
DA:178,0
DA:179,0
DA:180,0
DA:182,0
DA:183,0
DA:184,0
DA:185,0
DA:186,0
DA:187,0
DA:188,0
DA:189,0
DA:190,0
DA:192,0
DA:193,0
DA:194,0
DA:195,0
DA:196,0
DA:197,0
DA:198,0
DA:199,0
DA:201,0
DA:202,0
DA:203,0
DA:204,0
DA:205,0
DA:206,0
DA:207,0
DA:208,0
DA:210,0
DA:211,0
DA:212,0
DA:213,0
DA:215,0
DA:216,0
DA:217,0
DA:218,0
DA:223,0
DA:224,0
DA:225,0
DA:226,0
DA:227,0
DA:228,0
DA:229,0
DA:231,0
DA:232,0
DA:243,0
DA:244,0
DA:245,0
DA:246,0
DA:247,0
DA:248,0
DA:249,0
DA:250,0
DA:255,0
DA:256,0
DA:257,0
DA:258,0
DA:259,0
DA:260,0
DA:261,0
DA:262,0
DA:268,0
DA:269,0
DA:270,0
DA:271,0
DA:272,0
DA:273,0
DA:274,0
DA:275,0
DA:282,0
DA:283,0
DA:284,0
DA:285,0
DA:286,0
DA:287,0
DA:291,0
DA:292,0
DA:293,0
DA:294,0
DA:295,0
DA:296,0
DA:297,0
DA:298,0
DA:299,0
DA:300,0
DA:304,0
DA:305,0
DA:306,0
DA:307,0
DA:308,0
DA:309,0
DA:310,0
DA:311,0
DA:312,0
DA:313,0
DA:314,0
DA:315,0
DA:316,0
DA:318,0
DA:319,0
DA:320,0
DA:322,0
DA:323,0
DA:324,0
DA:325,0
LF:229
LH:0
BRDA:1,0,0,0
BRF:1
BRH:0
end_of_record
